{"level":"debug","message":"logged out ========================>homeLoggedOut","timestamp":"2015-05-15T16:25:31.413Z"}
{"level":"debug","message":"local-login=====>ghgㅁㄴㅇㅁㄹㅇㄻㄴh","timestamp":"2015-05-15T16:25:42.409Z"}
{"level":"debug","message":"local-login=====>ghgh","timestamp":"2015-05-15T16:25:42.536Z"}
{"level":"debug","message":"local-login=====>쿼리실행","timestamp":"2015-05-15T16:25:42.693Z"}
{"level":"debug","message":"bcrypt.compare() ====> undefined([object Object])","timestamp":"2015-05-15T16:25:42.940Z"}
{"t_id":7,"t_email":"qwer4@naver.com","t_name":"qwer4","t_hp":"010-7777-7777","t_birth":"1999-12-31T15:00:00.000Z","t_fb_link":"","t_thumbnail":"https://s3-ap-northeast-1.amazonaws.com/treetree/image/profile/upload_70d91ba5a39f9ffedbda8e7f09c37a67.PNG","t_fb_token":null,"t_fb_id":null,"level":"debug","message":"passport.serializeUser()","timestamp":"2015-05-15T16:25:42.942Z"}
{"level":"debug","message":"passport.serializeUser() t_id :  7","timestamp":"2015-05-15T16:25:42.942Z"}
{"level":"debug","message":"passport.serializeUser() id :  undefined","timestamp":"2015-05-15T16:25:42.943Z"}
{"level":"debug","message":"logged in... ","timestamp":"2015-05-15T16:25:42.943Z"}
{"level":"debug","message":"logged in ========================>homeLoggedIn","timestamp":"2015-05-15T16:25:42.943Z"}
{"level":"debug","message":"t_id : 7","timestamp":"2015-05-15T16:25:43.205Z"}
{"level":"debug","message":"rows===================> : [object Object]","timestamp":"2015-05-15T16:25:43.251Z"}
{"t_id":7,"t_email":"qwer4@naver.com","t_name":"qwer4","t_hp":"010-7777-7777","t_birth":"1999-12-31T15:00:00.000Z","t_fb_link":"","t_thumbnail":"https://s3-ap-northeast-1.amazonaws.com/treetree/image/profile/upload_70d91ba5a39f9ffedbda8e7f09c37a67.PNG","t_fb_token":null,"t_fb_id":null,"level":"debug","message":"local passport.deserializeUser()","timestamp":"2015-05-15T16:25:43.251Z"}
{"level":"debug","message":"t_id : 7","timestamp":"2015-05-15T16:25:43.293Z"}
{"level":"debug","message":"t_id : 7","timestamp":"2015-05-15T16:25:43.294Z"}
{"level":"debug","message":"t_id : 7","timestamp":"2015-05-15T16:25:43.317Z"}
{"level":"debug","message":"t_id : 7","timestamp":"2015-05-15T16:25:43.321Z"}
{"level":"debug","message":"t_id : 7","timestamp":"2015-05-15T16:25:43.330Z"}
{"level":"debug","message":"rows===================> : [object Object]","timestamp":"2015-05-15T16:25:43.336Z"}
{"t_id":7,"t_email":"qwer4@naver.com","t_name":"qwer4","t_hp":"010-7777-7777","t_birth":"1999-12-31T15:00:00.000Z","t_fb_link":"","t_thumbnail":"https://s3-ap-northeast-1.amazonaws.com/treetree/image/profile/upload_70d91ba5a39f9ffedbda8e7f09c37a67.PNG","t_fb_token":null,"t_fb_id":null,"level":"debug","message":"local passport.deserializeUser()","timestamp":"2015-05-15T16:25:43.337Z"}
{"level":"debug","message":"rows===================> : [object Object]","timestamp":"2015-05-15T16:25:43.343Z"}
{"t_id":7,"t_email":"qwer4@naver.com","t_name":"qwer4","t_hp":"010-7777-7777","t_birth":"1999-12-31T15:00:00.000Z","t_fb_link":"","t_thumbnail":"https://s3-ap-northeast-1.amazonaws.com/treetree/image/profile/upload_70d91ba5a39f9ffedbda8e7f09c37a67.PNG","t_fb_token":null,"t_fb_id":null,"level":"debug","message":"local passport.deserializeUser()","timestamp":"2015-05-15T16:25:43.344Z"}
{"level":"debug","message":"rows===================> : [object Object]","timestamp":"2015-05-15T16:25:43.364Z"}
{"t_id":7,"t_email":"qwer4@naver.com","t_name":"qwer4","t_hp":"010-7777-7777","t_birth":"1999-12-31T15:00:00.000Z","t_fb_link":"","t_thumbnail":"https://s3-ap-northeast-1.amazonaws.com/treetree/image/profile/upload_70d91ba5a39f9ffedbda8e7f09c37a67.PNG","t_fb_token":null,"t_fb_id":null,"level":"debug","message":"local passport.deserializeUser()","timestamp":"2015-05-15T16:25:43.365Z"}
{"level":"debug","message":"rows===================> : [object Object]","timestamp":"2015-05-15T16:25:43.370Z"}
{"t_id":7,"t_email":"qwer4@naver.com","t_name":"qwer4","t_hp":"010-7777-7777","t_birth":"1999-12-31T15:00:00.000Z","t_fb_link":"","t_thumbnail":"https://s3-ap-northeast-1.amazonaws.com/treetree/image/profile/upload_70d91ba5a39f9ffedbda8e7f09c37a67.PNG","t_fb_token":null,"t_fb_id":null,"level":"debug","message":"local passport.deserializeUser()","timestamp":"2015-05-15T16:25:43.370Z"}
{"level":"debug","message":"rows===================> : [object Object]","timestamp":"2015-05-15T16:25:43.378Z"}
{"t_id":7,"t_email":"qwer4@naver.com","t_name":"qwer4","t_hp":"010-7777-7777","t_birth":"1999-12-31T15:00:00.000Z","t_fb_link":"","t_thumbnail":"https://s3-ap-northeast-1.amazonaws.com/treetree/image/profile/upload_70d91ba5a39f9ffedbda8e7f09c37a67.PNG","t_fb_token":null,"t_fb_id":null,"level":"debug","message":"local passport.deserializeUser()","timestamp":"2015-05-15T16:25:43.379Z"}
{"level":"debug","message":"t_id : 7","timestamp":"2015-05-15T16:25:43.473Z"}
{"level":"debug","message":"rows===================> : [object Object]","timestamp":"2015-05-15T16:25:43.526Z"}
{"t_id":7,"t_email":"qwer4@naver.com","t_name":"qwer4","t_hp":"010-7777-7777","t_birth":"1999-12-31T15:00:00.000Z","t_fb_link":"","t_thumbnail":"https://s3-ap-northeast-1.amazonaws.com/treetree/image/profile/upload_70d91ba5a39f9ffedbda8e7f09c37a67.PNG","t_fb_token":null,"t_fb_id":null,"level":"debug","message":"local passport.deserializeUser()","timestamp":"2015-05-15T16:25:43.527Z"}
{"level":"debug","message":"t_id : 7","timestamp":"2015-05-15T16:25:51.610Z"}
{"level":"debug","message":"rows===================> : [object Object]","timestamp":"2015-05-15T16:25:51.654Z"}
{"t_id":7,"t_email":"qwer4@naver.com","t_name":"qwer4","t_hp":"010-7777-7777","t_birth":"1999-12-31T15:00:00.000Z","t_fb_link":"","t_thumbnail":"https://s3-ap-northeast-1.amazonaws.com/treetree/image/profile/upload_70d91ba5a39f9ffedbda8e7f09c37a67.PNG","t_fb_token":null,"t_fb_id":null,"level":"debug","message":"local passport.deserializeUser()","timestamp":"2015-05-15T16:25:51.655Z"}
{"level":"debug","message":"t_id : 7","timestamp":"2015-05-15T16:25:52.444Z"}
{"level":"debug","message":"t_id : 7","timestamp":"2015-05-15T16:25:52.448Z"}
{"level":"debug","message":"t_id : 7","timestamp":"2015-05-15T16:25:52.450Z"}
{"level":"debug","message":"t_id : 7","timestamp":"2015-05-15T16:25:52.484Z"}
{"level":"debug","message":"rows===================> : [object Object]","timestamp":"2015-05-15T16:25:52.491Z"}
{"t_id":7,"t_email":"qwer4@naver.com","t_name":"qwer4","t_hp":"010-7777-7777","t_birth":"1999-12-31T15:00:00.000Z","t_fb_link":"","t_thumbnail":"https://s3-ap-northeast-1.amazonaws.com/treetree/image/profile/upload_70d91ba5a39f9ffedbda8e7f09c37a67.PNG","t_fb_token":null,"t_fb_id":null,"level":"debug","message":"local passport.deserializeUser()","timestamp":"2015-05-15T16:25:52.491Z"}
{"level":"debug","message":"rows===================> : [object Object]","timestamp":"2015-05-15T16:25:52.496Z"}
{"t_id":7,"t_email":"qwer4@naver.com","t_name":"qwer4","t_hp":"010-7777-7777","t_birth":"1999-12-31T15:00:00.000Z","t_fb_link":"","t_thumbnail":"https://s3-ap-northeast-1.amazonaws.com/treetree/image/profile/upload_70d91ba5a39f9ffedbda8e7f09c37a67.PNG","t_fb_token":null,"t_fb_id":null,"level":"debug","message":"local passport.deserializeUser()","timestamp":"2015-05-15T16:25:52.496Z"}
{"level":"debug","message":"t_id : 7","timestamp":"2015-05-15T16:25:52.497Z"}
{"level":"debug","message":"t_id : 7","timestamp":"2015-05-15T16:25:52.498Z"}
{"level":"debug","message":"rows===================> : [object Object]","timestamp":"2015-05-15T16:25:52.503Z"}
{"t_id":7,"t_email":"qwer4@naver.com","t_name":"qwer4","t_hp":"010-7777-7777","t_birth":"1999-12-31T15:00:00.000Z","t_fb_link":"","t_thumbnail":"https://s3-ap-northeast-1.amazonaws.com/treetree/image/profile/upload_70d91ba5a39f9ffedbda8e7f09c37a67.PNG","t_fb_token":null,"t_fb_id":null,"level":"debug","message":"local passport.deserializeUser()","timestamp":"2015-05-15T16:25:52.504Z"}
{"level":"debug","message":"rows===================> : [object Object]","timestamp":"2015-05-15T16:25:52.527Z"}
{"t_id":7,"t_email":"qwer4@naver.com","t_name":"qwer4","t_hp":"010-7777-7777","t_birth":"1999-12-31T15:00:00.000Z","t_fb_link":"","t_thumbnail":"https://s3-ap-northeast-1.amazonaws.com/treetree/image/profile/upload_70d91ba5a39f9ffedbda8e7f09c37a67.PNG","t_fb_token":null,"t_fb_id":null,"level":"debug","message":"local passport.deserializeUser()","timestamp":"2015-05-15T16:25:52.527Z"}
{"level":"debug","message":"rows===================> : [object Object]","timestamp":"2015-05-15T16:25:52.541Z"}
{"t_id":7,"t_email":"qwer4@naver.com","t_name":"qwer4","t_hp":"010-7777-7777","t_birth":"1999-12-31T15:00:00.000Z","t_fb_link":"","t_thumbnail":"https://s3-ap-northeast-1.amazonaws.com/treetree/image/profile/upload_70d91ba5a39f9ffedbda8e7f09c37a67.PNG","t_fb_token":null,"t_fb_id":null,"level":"debug","message":"local passport.deserializeUser()","timestamp":"2015-05-15T16:25:52.541Z"}
{"level":"debug","message":"rows===================> : [object Object]","timestamp":"2015-05-15T16:25:52.546Z"}
{"t_id":7,"t_email":"qwer4@naver.com","t_name":"qwer4","t_hp":"010-7777-7777","t_birth":"1999-12-31T15:00:00.000Z","t_fb_link":"","t_thumbnail":"https://s3-ap-northeast-1.amazonaws.com/treetree/image/profile/upload_70d91ba5a39f9ffedbda8e7f09c37a67.PNG","t_fb_token":null,"t_fb_id":null,"level":"debug","message":"local passport.deserializeUser()","timestamp":"2015-05-15T16:25:52.547Z"}
{"level":"debug","message":"t_id : 7","timestamp":"2015-05-15T16:25:52.767Z"}
{"level":"debug","message":"t_id : 7","timestamp":"2015-05-15T16:25:52.773Z"}
{"level":"debug","message":"rows===================> : [object Object]","timestamp":"2015-05-15T16:25:52.812Z"}
{"t_id":7,"t_email":"qwer4@naver.com","t_name":"qwer4","t_hp":"010-7777-7777","t_birth":"1999-12-31T15:00:00.000Z","t_fb_link":"","t_thumbnail":"https://s3-ap-northeast-1.amazonaws.com/treetree/image/profile/upload_70d91ba5a39f9ffedbda8e7f09c37a67.PNG","t_fb_token":null,"t_fb_id":null,"level":"debug","message":"local passport.deserializeUser()","timestamp":"2015-05-15T16:25:52.813Z"}
{"level":"debug","message":"rows===================> : [object Object]","timestamp":"2015-05-15T16:25:52.827Z"}
{"t_id":7,"t_email":"qwer4@naver.com","t_name":"qwer4","t_hp":"010-7777-7777","t_birth":"1999-12-31T15:00:00.000Z","t_fb_link":"","t_thumbnail":"https://s3-ap-northeast-1.amazonaws.com/treetree/image/profile/upload_70d91ba5a39f9ffedbda8e7f09c37a67.PNG","t_fb_token":null,"t_fb_id":null,"level":"debug","message":"local passport.deserializeUser()","timestamp":"2015-05-15T16:25:52.828Z"}
{"level":"debug","message":"t_id : 7","timestamp":"2015-05-15T16:25:56.936Z"}
{"level":"debug","message":"rows===================> : [object Object]","timestamp":"2015-05-15T16:25:56.980Z"}
{"t_id":7,"t_email":"qwer4@naver.com","t_name":"qwer4","t_hp":"010-7777-7777","t_birth":"1999-12-31T15:00:00.000Z","t_fb_link":"","t_thumbnail":"https://s3-ap-northeast-1.amazonaws.com/treetree/image/profile/upload_70d91ba5a39f9ffedbda8e7f09c37a67.PNG","t_fb_token":null,"t_fb_id":null,"level":"debug","message":"local passport.deserializeUser()","timestamp":"2015-05-15T16:25:56.980Z"}
{"level":"debug","message":"req.isAuthenticated() ====> true","timestamp":"2015-05-15T16:25:56.981Z"}
{"level":"debug","message":"t_id : 7","timestamp":"2015-05-15T16:25:57.699Z"}
{"level":"debug","message":"t_id : 7","timestamp":"2015-05-15T16:25:57.701Z"}
{"level":"debug","message":"t_id : 7","timestamp":"2015-05-15T16:25:57.739Z"}
{"level":"debug","message":"t_id : 7","timestamp":"2015-05-15T16:25:57.741Z"}
{"level":"debug","message":"t_id : 7","timestamp":"2015-05-15T16:25:57.743Z"}
{"level":"debug","message":"t_id : 7","timestamp":"2015-05-15T16:25:57.745Z"}
{"level":"debug","message":"rows===================> : [object Object]","timestamp":"2015-05-15T16:25:57.754Z"}
{"t_id":7,"t_email":"qwer4@naver.com","t_name":"qwer4","t_hp":"010-7777-7777","t_birth":"1999-12-31T15:00:00.000Z","t_fb_link":"","t_thumbnail":"https://s3-ap-northeast-1.amazonaws.com/treetree/image/profile/upload_70d91ba5a39f9ffedbda8e7f09c37a67.PNG","t_fb_token":null,"t_fb_id":null,"level":"debug","message":"local passport.deserializeUser()","timestamp":"2015-05-15T16:25:57.755Z"}
{"level":"debug","message":"rows===================> : [object Object]","timestamp":"2015-05-15T16:25:57.761Z"}
{"t_id":7,"t_email":"qwer4@naver.com","t_name":"qwer4","t_hp":"010-7777-7777","t_birth":"1999-12-31T15:00:00.000Z","t_fb_link":"","t_thumbnail":"https://s3-ap-northeast-1.amazonaws.com/treetree/image/profile/upload_70d91ba5a39f9ffedbda8e7f09c37a67.PNG","t_fb_token":null,"t_fb_id":null,"level":"debug","message":"local passport.deserializeUser()","timestamp":"2015-05-15T16:25:57.761Z"}
{"level":"debug","message":"rows===================> : [object Object]","timestamp":"2015-05-15T16:25:57.784Z"}
{"t_id":7,"t_email":"qwer4@naver.com","t_name":"qwer4","t_hp":"010-7777-7777","t_birth":"1999-12-31T15:00:00.000Z","t_fb_link":"","t_thumbnail":"https://s3-ap-northeast-1.amazonaws.com/treetree/image/profile/upload_70d91ba5a39f9ffedbda8e7f09c37a67.PNG","t_fb_token":null,"t_fb_id":null,"level":"debug","message":"local passport.deserializeUser()","timestamp":"2015-05-15T16:25:57.785Z"}
{"level":"debug","message":"rows===================> : [object Object]","timestamp":"2015-05-15T16:25:57.795Z"}
{"t_id":7,"t_email":"qwer4@naver.com","t_name":"qwer4","t_hp":"010-7777-7777","t_birth":"1999-12-31T15:00:00.000Z","t_fb_link":"","t_thumbnail":"https://s3-ap-northeast-1.amazonaws.com/treetree/image/profile/upload_70d91ba5a39f9ffedbda8e7f09c37a67.PNG","t_fb_token":null,"t_fb_id":null,"level":"debug","message":"local passport.deserializeUser()","timestamp":"2015-05-15T16:25:57.795Z"}
{"level":"debug","message":"rows===================> : [object Object]","timestamp":"2015-05-15T16:25:57.801Z"}
{"t_id":7,"t_email":"qwer4@naver.com","t_name":"qwer4","t_hp":"010-7777-7777","t_birth":"1999-12-31T15:00:00.000Z","t_fb_link":"","t_thumbnail":"https://s3-ap-northeast-1.amazonaws.com/treetree/image/profile/upload_70d91ba5a39f9ffedbda8e7f09c37a67.PNG","t_fb_token":null,"t_fb_id":null,"level":"debug","message":"local passport.deserializeUser()","timestamp":"2015-05-15T16:25:57.802Z"}
{"level":"debug","message":"rows===================> : [object Object]","timestamp":"2015-05-15T16:25:57.809Z"}
{"t_id":7,"t_email":"qwer4@naver.com","t_name":"qwer4","t_hp":"010-7777-7777","t_birth":"1999-12-31T15:00:00.000Z","t_fb_link":"","t_thumbnail":"https://s3-ap-northeast-1.amazonaws.com/treetree/image/profile/upload_70d91ba5a39f9ffedbda8e7f09c37a67.PNG","t_fb_token":null,"t_fb_id":null,"level":"debug","message":"local passport.deserializeUser()","timestamp":"2015-05-15T16:25:57.809Z"}
{"level":"debug","message":"t_id : 7","timestamp":"2015-05-15T16:25:57.924Z"}
{"level":"debug","message":"t_id : 7","timestamp":"2015-05-15T16:25:57.936Z"}
{"level":"debug","message":"rows===================> : [object Object]","timestamp":"2015-05-15T16:25:57.969Z"}
{"t_id":7,"t_email":"qwer4@naver.com","t_name":"qwer4","t_hp":"010-7777-7777","t_birth":"1999-12-31T15:00:00.000Z","t_fb_link":"","t_thumbnail":"https://s3-ap-northeast-1.amazonaws.com/treetree/image/profile/upload_70d91ba5a39f9ffedbda8e7f09c37a67.PNG","t_fb_token":null,"t_fb_id":null,"level":"debug","message":"local passport.deserializeUser()","timestamp":"2015-05-15T16:25:57.970Z"}
{"level":"debug","message":"rows===================> : [object Object]","timestamp":"2015-05-15T16:25:57.981Z"}
{"t_id":7,"t_email":"qwer4@naver.com","t_name":"qwer4","t_hp":"010-7777-7777","t_birth":"1999-12-31T15:00:00.000Z","t_fb_link":"","t_thumbnail":"https://s3-ap-northeast-1.amazonaws.com/treetree/image/profile/upload_70d91ba5a39f9ffedbda8e7f09c37a67.PNG","t_fb_token":null,"t_fb_id":null,"level":"debug","message":"local passport.deserializeUser()","timestamp":"2015-05-15T16:25:57.982Z"}
{"level":"debug","message":"t_id : 7","timestamp":"2015-05-15T16:25:57.998Z"}
{"level":"debug","message":"t_id : 7","timestamp":"2015-05-15T16:25:58.027Z"}
{"level":"debug","message":"t_id : 7","timestamp":"2015-05-15T16:25:58.028Z"}
{"level":"debug","message":"rows===================> : [object Object]","timestamp":"2015-05-15T16:25:58.042Z"}
{"t_id":7,"t_email":"qwer4@naver.com","t_name":"qwer4","t_hp":"010-7777-7777","t_birth":"1999-12-31T15:00:00.000Z","t_fb_link":"","t_thumbnail":"https://s3-ap-northeast-1.amazonaws.com/treetree/image/profile/upload_70d91ba5a39f9ffedbda8e7f09c37a67.PNG","t_fb_token":null,"t_fb_id":null,"level":"debug","message":"local passport.deserializeUser()","timestamp":"2015-05-15T16:25:58.042Z"}
{"level":"debug","message":"rows===================> : [object Object]","timestamp":"2015-05-15T16:25:58.073Z"}
{"t_id":7,"t_email":"qwer4@naver.com","t_name":"qwer4","t_hp":"010-7777-7777","t_birth":"1999-12-31T15:00:00.000Z","t_fb_link":"","t_thumbnail":"https://s3-ap-northeast-1.amazonaws.com/treetree/image/profile/upload_70d91ba5a39f9ffedbda8e7f09c37a67.PNG","t_fb_token":null,"t_fb_id":null,"level":"debug","message":"local passport.deserializeUser()","timestamp":"2015-05-15T16:25:58.073Z"}
{"level":"debug","message":"rows===================> : [object Object]","timestamp":"2015-05-15T16:25:58.077Z"}
{"t_id":7,"t_email":"qwer4@naver.com","t_name":"qwer4","t_hp":"010-7777-7777","t_birth":"1999-12-31T15:00:00.000Z","t_fb_link":"","t_thumbnail":"https://s3-ap-northeast-1.amazonaws.com/treetree/image/profile/upload_70d91ba5a39f9ffedbda8e7f09c37a67.PNG","t_fb_token":null,"t_fb_id":null,"level":"debug","message":"local passport.deserializeUser()","timestamp":"2015-05-15T16:25:58.078Z"}
{"level":"debug","message":"t_id : 7","timestamp":"2015-05-15T16:26:03.335Z"}
{"level":"debug","message":"rows===================> : [object Object]","timestamp":"2015-05-15T16:26:03.388Z"}
{"t_id":7,"t_email":"qwer4@naver.com","t_name":"qwer4","t_hp":"010-7777-7777","t_birth":"1999-12-31T15:00:00.000Z","t_fb_link":"","t_thumbnail":"https://s3-ap-northeast-1.amazonaws.com/treetree/image/profile/upload_70d91ba5a39f9ffedbda8e7f09c37a67.PNG","t_fb_token":null,"t_fb_id":null,"level":"debug","message":"local passport.deserializeUser()","timestamp":"2015-05-15T16:26:03.388Z"}
{"level":"debug","message":"t_id : 7","timestamp":"2015-05-15T16:26:03.559Z"}
{"level":"debug","message":"rows===================> : [object Object]","timestamp":"2015-05-15T16:26:03.609Z"}
{"t_id":7,"t_email":"qwer4@naver.com","t_name":"qwer4","t_hp":"010-7777-7777","t_birth":"1999-12-31T15:00:00.000Z","t_fb_link":"","t_thumbnail":"https://s3-ap-northeast-1.amazonaws.com/treetree/image/profile/upload_70d91ba5a39f9ffedbda8e7f09c37a67.PNG","t_fb_token":null,"t_fb_id":null,"level":"debug","message":"local passport.deserializeUser()","timestamp":"2015-05-15T16:26:03.610Z"}
{"level":"debug","message":"t_id : 7","timestamp":"2015-05-15T16:30:45.694Z"}
{"level":"debug","message":"t_id : 7","timestamp":"2015-05-15T16:30:45.696Z"}
{"level":"debug","message":"t_id : 7","timestamp":"2015-05-15T16:30:45.697Z"}
{"level":"debug","message":"rows===================> : [object Object]","timestamp":"2015-05-15T16:30:45.749Z"}
{"t_id":7,"t_email":"qwer4@naver.com","t_name":"qwer4","t_hp":"010-7777-7777","t_birth":"1999-12-31T15:00:00.000Z","t_fb_link":"","t_thumbnail":"https://s3-ap-northeast-1.amazonaws.com/treetree/image/profile/upload_70d91ba5a39f9ffedbda8e7f09c37a67.PNG","t_fb_token":null,"t_fb_id":null,"level":"debug","message":"local passport.deserializeUser()","timestamp":"2015-05-15T16:30:45.749Z"}
{"level":"debug","message":"rows===================> : [object Object]","timestamp":"2015-05-15T16:30:45.763Z"}
{"t_id":7,"t_email":"qwer4@naver.com","t_name":"qwer4","t_hp":"010-7777-7777","t_birth":"1999-12-31T15:00:00.000Z","t_fb_link":"","t_thumbnail":"https://s3-ap-northeast-1.amazonaws.com/treetree/image/profile/upload_70d91ba5a39f9ffedbda8e7f09c37a67.PNG","t_fb_token":null,"t_fb_id":null,"level":"debug","message":"local passport.deserializeUser()","timestamp":"2015-05-15T16:30:45.763Z"}
{"level":"debug","message":"rows===================> : [object Object]","timestamp":"2015-05-15T16:30:45.773Z"}
{"t_id":7,"t_email":"qwer4@naver.com","t_name":"qwer4","t_hp":"010-7777-7777","t_birth":"1999-12-31T15:00:00.000Z","t_fb_link":"","t_thumbnail":"https://s3-ap-northeast-1.amazonaws.com/treetree/image/profile/upload_70d91ba5a39f9ffedbda8e7f09c37a67.PNG","t_fb_token":null,"t_fb_id":null,"level":"debug","message":"local passport.deserializeUser()","timestamp":"2015-05-15T16:30:45.773Z"}
{"level":"debug","message":"rows===================> : [object Object]","timestamp":"2015-05-15T16:30:45.794Z"}
{"t_id":7,"t_email":"qwer4@naver.com","t_name":"qwer4","t_hp":"010-7777-7777","t_birth":"1999-12-31T15:00:00.000Z","t_fb_link":"","t_thumbnail":"https://s3-ap-northeast-1.amazonaws.com/treetree/image/profile/upload_70d91ba5a39f9ffedbda8e7f09c37a67.PNG","t_fb_token":null,"t_fb_id":null,"level":"debug","message":"local passport.deserializeUser()","timestamp":"2015-05-15T16:30:45.800Z"}
{"level":"debug","message":"t_id : 7","timestamp":"2015-05-15T16:30:45.701Z"}
{"level":"debug","message":"logged out ========================>homeLoggedOut","timestamp":"2015-05-15T16:35:08.874Z"}
{"level":"debug","message":"logged out ========================>homeLoggedOut","timestamp":"2015-05-15T16:36:54.576Z"}
{"t_id":1,"t_email":"dy626@naver.com","t_name":"다운 임","t_hp":"010-2222-2222","t_birth":"1989-12-31T15:00:00.000Z","t_fb_link":null,"t_thumbnail":"https://graph.facebook.com/v2.1/me/picture?access_token=CAALZAQL8NOWkBAIH3G6B3pGdYWsrw1DGTCbc44H7PREllarEZCC2IO8S29GwrmN0bFTlsrOxTYZCABzGFr9KS3ZBYiZAHBznwcDVTKJZBea1m325XSRcGXyvdTzCyWzAr9NAZCXN9WpuFEnynFcnFJ0RYUCtSbFWbePLxTv8FtxqmYygvIkGAfMzs5A8ujnETQ7FlgdqJMlAZCpZA5Thu61vi","t_fb_token":"CAALZAQL8NOWkBAIH3G6B3pGdYWsrw1DGTCbc44H7PREllarEZCC2IO8S29GwrmN0bFTlsrOxTYZCABzGFr9KS3ZBYiZAHBznwcDVTKJZBea1m325XSRcGXyvdTzCyWzAr9NAZCXN9WpuFEnynFcnFJ0RYUCtSbFWbePLxTv8FtxqmYygvIkGAfMzs5A8ujnETQ7FlgdqJMlAZCpZA5Thu61vi","t_fb_id":"553103614822990","level":"debug","message":"passport.serializeUser()","timestamp":"2015-05-15T16:37:12.706Z"}
{"level":"debug","message":"passport.serializeUser() t_id :  1","timestamp":"2015-05-15T16:37:12.707Z"}
{"level":"debug","message":"passport.serializeUser() id :  undefined","timestamp":"2015-05-15T16:37:12.707Z"}
{"level":"debug","message":"t_id : 1","timestamp":"2015-05-15T16:37:13.031Z"}
{"level":"debug","message":"rows===================> : [object Object]","timestamp":"2015-05-15T16:37:13.074Z"}
{"t_id":1,"t_email":"dy626@naver.com","t_name":"다운 임","t_hp":"010-2222-2222","t_birth":"1989-12-31T15:00:00.000Z","t_fb_link":null,"t_thumbnail":"https://graph.facebook.com/v2.1/me/picture?access_token=CAALZAQL8NOWkBABYgjOCOaieDAjYElhHRlPpgP4L8Df9TQmbP8esyXO2UKvvtsAeZBWXY8kp1oLWXFm9oGPjIEzjLRsi4tMXYmr1fIYas7pTyP2XZAMPXa2Bum9OEuEi6dUF3NrJfL4DZCTpmyRLqRHq4lS2IrqU6zhhy8j66RNkA3Wt5v4ZB","t_fb_token":"CAALZAQL8NOWkBABYgjOCOaieDAjYElhHRlPpgP4L8Df9TQmbP8esyXO2UKvvtsAeZBWXY8kp1oLWXFm9oGPjIEzjLRsi4tMXYmr1fIYas7pTyP2XZAMPXa2Bum9OEuEi6dUF3NrJfL4DZCTpmyRLqRHq4lS2IrqU6zhhy8j66RNkA3Wt5v4ZB","t_fb_id":"553103614822990","level":"debug","message":"local passport.deserializeUser()","timestamp":"2015-05-15T16:37:13.075Z"}
{"level":"debug","message":"logged in ========================>homeLoggedIn","timestamp":"2015-05-15T16:37:13.076Z"}
{"level":"debug","message":"t_id : 1","timestamp":"2015-05-15T16:37:14.790Z"}
{"level":"debug","message":"t_id : 1","timestamp":"2015-05-15T16:37:14.791Z"}
{"level":"debug","message":"t_id : 1","timestamp":"2015-05-15T16:37:14.792Z"}
{"level":"debug","message":"t_id : 1","timestamp":"2015-05-15T16:37:14.795Z"}
{"level":"debug","message":"t_id : 1","timestamp":"2015-05-15T16:37:14.795Z"}
{"level":"debug","message":"t_id : 1","timestamp":"2015-05-15T16:37:14.796Z"}
{"level":"debug","message":"rows===================> : [object Object]","timestamp":"2015-05-15T16:37:14.835Z"}
{"t_id":1,"t_email":"dy626@naver.com","t_name":"다운 임","t_hp":"010-2222-2222","t_birth":"1989-12-31T15:00:00.000Z","t_fb_link":null,"t_thumbnail":"https://graph.facebook.com/v2.1/me/picture?access_token=CAALZAQL8NOWkBABYgjOCOaieDAjYElhHRlPpgP4L8Df9TQmbP8esyXO2UKvvtsAeZBWXY8kp1oLWXFm9oGPjIEzjLRsi4tMXYmr1fIYas7pTyP2XZAMPXa2Bum9OEuEi6dUF3NrJfL4DZCTpmyRLqRHq4lS2IrqU6zhhy8j66RNkA3Wt5v4ZB","t_fb_token":"CAALZAQL8NOWkBABYgjOCOaieDAjYElhHRlPpgP4L8Df9TQmbP8esyXO2UKvvtsAeZBWXY8kp1oLWXFm9oGPjIEzjLRsi4tMXYmr1fIYas7pTyP2XZAMPXa2Bum9OEuEi6dUF3NrJfL4DZCTpmyRLqRHq4lS2IrqU6zhhy8j66RNkA3Wt5v4ZB","t_fb_id":"553103614822990","level":"debug","message":"local passport.deserializeUser()","timestamp":"2015-05-15T16:37:14.835Z"}
{"level":"debug","message":"rows===================> : [object Object]","timestamp":"2015-05-15T16:37:14.840Z"}
{"t_id":1,"t_email":"dy626@naver.com","t_name":"다운 임","t_hp":"010-2222-2222","t_birth":"1989-12-31T15:00:00.000Z","t_fb_link":null,"t_thumbnail":"https://graph.facebook.com/v2.1/me/picture?access_token=CAALZAQL8NOWkBABYgjOCOaieDAjYElhHRlPpgP4L8Df9TQmbP8esyXO2UKvvtsAeZBWXY8kp1oLWXFm9oGPjIEzjLRsi4tMXYmr1fIYas7pTyP2XZAMPXa2Bum9OEuEi6dUF3NrJfL4DZCTpmyRLqRHq4lS2IrqU6zhhy8j66RNkA3Wt5v4ZB","t_fb_token":"CAALZAQL8NOWkBABYgjOCOaieDAjYElhHRlPpgP4L8Df9TQmbP8esyXO2UKvvtsAeZBWXY8kp1oLWXFm9oGPjIEzjLRsi4tMXYmr1fIYas7pTyP2XZAMPXa2Bum9OEuEi6dUF3NrJfL4DZCTpmyRLqRHq4lS2IrqU6zhhy8j66RNkA3Wt5v4ZB","t_fb_id":"553103614822990","level":"debug","message":"local passport.deserializeUser()","timestamp":"2015-05-15T16:37:14.841Z"}
{"level":"debug","message":"rows===================> : [object Object]","timestamp":"2015-05-15T16:37:14.847Z"}
{"t_id":1,"t_email":"dy626@naver.com","t_name":"다운 임","t_hp":"010-2222-2222","t_birth":"1989-12-31T15:00:00.000Z","t_fb_link":null,"t_thumbnail":"https://graph.facebook.com/v2.1/me/picture?access_token=CAALZAQL8NOWkBABYgjOCOaieDAjYElhHRlPpgP4L8Df9TQmbP8esyXO2UKvvtsAeZBWXY8kp1oLWXFm9oGPjIEzjLRsi4tMXYmr1fIYas7pTyP2XZAMPXa2Bum9OEuEi6dUF3NrJfL4DZCTpmyRLqRHq4lS2IrqU6zhhy8j66RNkA3Wt5v4ZB","t_fb_token":"CAALZAQL8NOWkBABYgjOCOaieDAjYElhHRlPpgP4L8Df9TQmbP8esyXO2UKvvtsAeZBWXY8kp1oLWXFm9oGPjIEzjLRsi4tMXYmr1fIYas7pTyP2XZAMPXa2Bum9OEuEi6dUF3NrJfL4DZCTpmyRLqRHq4lS2IrqU6zhhy8j66RNkA3Wt5v4ZB","t_fb_id":"553103614822990","level":"debug","message":"local passport.deserializeUser()","timestamp":"2015-05-15T16:37:14.847Z"}
{"level":"debug","message":"rows===================> : [object Object]","timestamp":"2015-05-15T16:37:14.850Z"}
{"t_id":1,"t_email":"dy626@naver.com","t_name":"다운 임","t_hp":"010-2222-2222","t_birth":"1989-12-31T15:00:00.000Z","t_fb_link":null,"t_thumbnail":"https://graph.facebook.com/v2.1/me/picture?access_token=CAALZAQL8NOWkBABYgjOCOaieDAjYElhHRlPpgP4L8Df9TQmbP8esyXO2UKvvtsAeZBWXY8kp1oLWXFm9oGPjIEzjLRsi4tMXYmr1fIYas7pTyP2XZAMPXa2Bum9OEuEi6dUF3NrJfL4DZCTpmyRLqRHq4lS2IrqU6zhhy8j66RNkA3Wt5v4ZB","t_fb_token":"CAALZAQL8NOWkBABYgjOCOaieDAjYElhHRlPpgP4L8Df9TQmbP8esyXO2UKvvtsAeZBWXY8kp1oLWXFm9oGPjIEzjLRsi4tMXYmr1fIYas7pTyP2XZAMPXa2Bum9OEuEi6dUF3NrJfL4DZCTpmyRLqRHq4lS2IrqU6zhhy8j66RNkA3Wt5v4ZB","t_fb_id":"553103614822990","level":"debug","message":"local passport.deserializeUser()","timestamp":"2015-05-15T16:37:14.851Z"}
{"level":"debug","message":"rows===================> : [object Object]","timestamp":"2015-05-15T16:37:14.855Z"}
{"t_id":1,"t_email":"dy626@naver.com","t_name":"다운 임","t_hp":"010-2222-2222","t_birth":"1989-12-31T15:00:00.000Z","t_fb_link":null,"t_thumbnail":"https://graph.facebook.com/v2.1/me/picture?access_token=CAALZAQL8NOWkBABYgjOCOaieDAjYElhHRlPpgP4L8Df9TQmbP8esyXO2UKvvtsAeZBWXY8kp1oLWXFm9oGPjIEzjLRsi4tMXYmr1fIYas7pTyP2XZAMPXa2Bum9OEuEi6dUF3NrJfL4DZCTpmyRLqRHq4lS2IrqU6zhhy8j66RNkA3Wt5v4ZB","t_fb_token":"CAALZAQL8NOWkBABYgjOCOaieDAjYElhHRlPpgP4L8Df9TQmbP8esyXO2UKvvtsAeZBWXY8kp1oLWXFm9oGPjIEzjLRsi4tMXYmr1fIYas7pTyP2XZAMPXa2Bum9OEuEi6dUF3NrJfL4DZCTpmyRLqRHq4lS2IrqU6zhhy8j66RNkA3Wt5v4ZB","t_fb_id":"553103614822990","level":"debug","message":"local passport.deserializeUser()","timestamp":"2015-05-15T16:37:14.855Z"}
{"level":"debug","message":"rows===================> : [object Object]","timestamp":"2015-05-15T16:37:14.863Z"}
{"t_id":1,"t_email":"dy626@naver.com","t_name":"다운 임","t_hp":"010-2222-2222","t_birth":"1989-12-31T15:00:00.000Z","t_fb_link":null,"t_thumbnail":"https://graph.facebook.com/v2.1/me/picture?access_token=CAALZAQL8NOWkBABYgjOCOaieDAjYElhHRlPpgP4L8Df9TQmbP8esyXO2UKvvtsAeZBWXY8kp1oLWXFm9oGPjIEzjLRsi4tMXYmr1fIYas7pTyP2XZAMPXa2Bum9OEuEi6dUF3NrJfL4DZCTpmyRLqRHq4lS2IrqU6zhhy8j66RNkA3Wt5v4ZB","t_fb_token":"CAALZAQL8NOWkBABYgjOCOaieDAjYElhHRlPpgP4L8Df9TQmbP8esyXO2UKvvtsAeZBWXY8kp1oLWXFm9oGPjIEzjLRsi4tMXYmr1fIYas7pTyP2XZAMPXa2Bum9OEuEi6dUF3NrJfL4DZCTpmyRLqRHq4lS2IrqU6zhhy8j66RNkA3Wt5v4ZB","t_fb_id":"553103614822990","level":"debug","message":"local passport.deserializeUser()","timestamp":"2015-05-15T16:37:14.864Z"}
{"level":"debug","message":"t_id : 1","timestamp":"2015-05-15T16:37:14.993Z"}
{"level":"debug","message":"rows===================> : [object Object]","timestamp":"2015-05-15T16:37:15.040Z"}
{"t_id":1,"t_email":"dy626@naver.com","t_name":"다운 임","t_hp":"010-2222-2222","t_birth":"1989-12-31T15:00:00.000Z","t_fb_link":null,"t_thumbnail":"https://graph.facebook.com/v2.1/me/picture?access_token=CAALZAQL8NOWkBABYgjOCOaieDAjYElhHRlPpgP4L8Df9TQmbP8esyXO2UKvvtsAeZBWXY8kp1oLWXFm9oGPjIEzjLRsi4tMXYmr1fIYas7pTyP2XZAMPXa2Bum9OEuEi6dUF3NrJfL4DZCTpmyRLqRHq4lS2IrqU6zhhy8j66RNkA3Wt5v4ZB","t_fb_token":"CAALZAQL8NOWkBABYgjOCOaieDAjYElhHRlPpgP4L8Df9TQmbP8esyXO2UKvvtsAeZBWXY8kp1oLWXFm9oGPjIEzjLRsi4tMXYmr1fIYas7pTyP2XZAMPXa2Bum9OEuEi6dUF3NrJfL4DZCTpmyRLqRHq4lS2IrqU6zhhy8j66RNkA3Wt5v4ZB","t_fb_id":"553103614822990","level":"debug","message":"local passport.deserializeUser()","timestamp":"2015-05-15T16:37:15.040Z"}
{"level":"debug","message":"t_id : 1","timestamp":"2015-05-15T16:37:30.326Z"}
{"level":"debug","message":"rows===================> : [object Object]","timestamp":"2015-05-15T16:37:30.370Z"}
{"t_id":1,"t_email":"dy626@naver.com","t_name":"다운 임","t_hp":"010-2222-2222","t_birth":"1989-12-31T15:00:00.000Z","t_fb_link":null,"t_thumbnail":"https://graph.facebook.com/v2.1/me/picture?access_token=CAALZAQL8NOWkBABYgjOCOaieDAjYElhHRlPpgP4L8Df9TQmbP8esyXO2UKvvtsAeZBWXY8kp1oLWXFm9oGPjIEzjLRsi4tMXYmr1fIYas7pTyP2XZAMPXa2Bum9OEuEi6dUF3NrJfL4DZCTpmyRLqRHq4lS2IrqU6zhhy8j66RNkA3Wt5v4ZB","t_fb_token":"CAALZAQL8NOWkBABYgjOCOaieDAjYElhHRlPpgP4L8Df9TQmbP8esyXO2UKvvtsAeZBWXY8kp1oLWXFm9oGPjIEzjLRsi4tMXYmr1fIYas7pTyP2XZAMPXa2Bum9OEuEi6dUF3NrJfL4DZCTpmyRLqRHq4lS2IrqU6zhhy8j66RNkA3Wt5v4ZB","t_fb_id":"553103614822990","level":"debug","message":"local passport.deserializeUser()","timestamp":"2015-05-15T16:37:30.370Z"}
{"level":"debug","message":"t_id : 1","timestamp":"2015-05-15T16:37:30.698Z"}
{"level":"debug","message":"t_id : 1","timestamp":"2015-05-15T16:37:30.702Z"}
{"level":"debug","message":"t_id : 1","timestamp":"2015-05-15T16:37:30.704Z"}
{"level":"debug","message":"t_id : 1","timestamp":"2015-05-15T16:37:30.707Z"}
{"level":"debug","message":"t_id : 1","timestamp":"2015-05-15T16:37:30.708Z"}
{"level":"debug","message":"rows===================> : [object Object]","timestamp":"2015-05-15T16:37:30.744Z"}
{"t_id":1,"t_email":"dy626@naver.com","t_name":"다운 임","t_hp":"010-2222-2222","t_birth":"1989-12-31T15:00:00.000Z","t_fb_link":null,"t_thumbnail":"https://graph.facebook.com/v2.1/me/picture?access_token=CAALZAQL8NOWkBABYgjOCOaieDAjYElhHRlPpgP4L8Df9TQmbP8esyXO2UKvvtsAeZBWXY8kp1oLWXFm9oGPjIEzjLRsi4tMXYmr1fIYas7pTyP2XZAMPXa2Bum9OEuEi6dUF3NrJfL4DZCTpmyRLqRHq4lS2IrqU6zhhy8j66RNkA3Wt5v4ZB","t_fb_token":"CAALZAQL8NOWkBABYgjOCOaieDAjYElhHRlPpgP4L8Df9TQmbP8esyXO2UKvvtsAeZBWXY8kp1oLWXFm9oGPjIEzjLRsi4tMXYmr1fIYas7pTyP2XZAMPXa2Bum9OEuEi6dUF3NrJfL4DZCTpmyRLqRHq4lS2IrqU6zhhy8j66RNkA3Wt5v4ZB","t_fb_id":"553103614822990","level":"debug","message":"local passport.deserializeUser()","timestamp":"2015-05-15T16:37:30.744Z"}
{"level":"debug","message":"rows===================> : [object Object]","timestamp":"2015-05-15T16:37:30.749Z"}
{"t_id":1,"t_email":"dy626@naver.com","t_name":"다운 임","t_hp":"010-2222-2222","t_birth":"1989-12-31T15:00:00.000Z","t_fb_link":null,"t_thumbnail":"https://graph.facebook.com/v2.1/me/picture?access_token=CAALZAQL8NOWkBABYgjOCOaieDAjYElhHRlPpgP4L8Df9TQmbP8esyXO2UKvvtsAeZBWXY8kp1oLWXFm9oGPjIEzjLRsi4tMXYmr1fIYas7pTyP2XZAMPXa2Bum9OEuEi6dUF3NrJfL4DZCTpmyRLqRHq4lS2IrqU6zhhy8j66RNkA3Wt5v4ZB","t_fb_token":"CAALZAQL8NOWkBABYgjOCOaieDAjYElhHRlPpgP4L8Df9TQmbP8esyXO2UKvvtsAeZBWXY8kp1oLWXFm9oGPjIEzjLRsi4tMXYmr1fIYas7pTyP2XZAMPXa2Bum9OEuEi6dUF3NrJfL4DZCTpmyRLqRHq4lS2IrqU6zhhy8j66RNkA3Wt5v4ZB","t_fb_id":"553103614822990","level":"debug","message":"local passport.deserializeUser()","timestamp":"2015-05-15T16:37:30.749Z"}
{"level":"debug","message":"rows===================> : [object Object]","timestamp":"2015-05-15T16:37:30.755Z"}
{"t_id":1,"t_email":"dy626@naver.com","t_name":"다운 임","t_hp":"010-2222-2222","t_birth":"1989-12-31T15:00:00.000Z","t_fb_link":null,"t_thumbnail":"https://graph.facebook.com/v2.1/me/picture?access_token=CAALZAQL8NOWkBABYgjOCOaieDAjYElhHRlPpgP4L8Df9TQmbP8esyXO2UKvvtsAeZBWXY8kp1oLWXFm9oGPjIEzjLRsi4tMXYmr1fIYas7pTyP2XZAMPXa2Bum9OEuEi6dUF3NrJfL4DZCTpmyRLqRHq4lS2IrqU6zhhy8j66RNkA3Wt5v4ZB","t_fb_token":"CAALZAQL8NOWkBABYgjOCOaieDAjYElhHRlPpgP4L8Df9TQmbP8esyXO2UKvvtsAeZBWXY8kp1oLWXFm9oGPjIEzjLRsi4tMXYmr1fIYas7pTyP2XZAMPXa2Bum9OEuEi6dUF3NrJfL4DZCTpmyRLqRHq4lS2IrqU6zhhy8j66RNkA3Wt5v4ZB","t_fb_id":"553103614822990","level":"debug","message":"local passport.deserializeUser()","timestamp":"2015-05-15T16:37:30.755Z"}
{"level":"debug","message":"rows===================> : [object Object]","timestamp":"2015-05-15T16:37:30.760Z"}
{"t_id":1,"t_email":"dy626@naver.com","t_name":"다운 임","t_hp":"010-2222-2222","t_birth":"1989-12-31T15:00:00.000Z","t_fb_link":null,"t_thumbnail":"https://graph.facebook.com/v2.1/me/picture?access_token=CAALZAQL8NOWkBABYgjOCOaieDAjYElhHRlPpgP4L8Df9TQmbP8esyXO2UKvvtsAeZBWXY8kp1oLWXFm9oGPjIEzjLRsi4tMXYmr1fIYas7pTyP2XZAMPXa2Bum9OEuEi6dUF3NrJfL4DZCTpmyRLqRHq4lS2IrqU6zhhy8j66RNkA3Wt5v4ZB","t_fb_token":"CAALZAQL8NOWkBABYgjOCOaieDAjYElhHRlPpgP4L8Df9TQmbP8esyXO2UKvvtsAeZBWXY8kp1oLWXFm9oGPjIEzjLRsi4tMXYmr1fIYas7pTyP2XZAMPXa2Bum9OEuEi6dUF3NrJfL4DZCTpmyRLqRHq4lS2IrqU6zhhy8j66RNkA3Wt5v4ZB","t_fb_id":"553103614822990","level":"debug","message":"local passport.deserializeUser()","timestamp":"2015-05-15T16:37:30.760Z"}
{"level":"debug","message":"rows===================> : [object Object]","timestamp":"2015-05-15T16:37:30.765Z"}
{"t_id":1,"t_email":"dy626@naver.com","t_name":"다운 임","t_hp":"010-2222-2222","t_birth":"1989-12-31T15:00:00.000Z","t_fb_link":null,"t_thumbnail":"https://graph.facebook.com/v2.1/me/picture?access_token=CAALZAQL8NOWkBABYgjOCOaieDAjYElhHRlPpgP4L8Df9TQmbP8esyXO2UKvvtsAeZBWXY8kp1oLWXFm9oGPjIEzjLRsi4tMXYmr1fIYas7pTyP2XZAMPXa2Bum9OEuEi6dUF3NrJfL4DZCTpmyRLqRHq4lS2IrqU6zhhy8j66RNkA3Wt5v4ZB","t_fb_token":"CAALZAQL8NOWkBABYgjOCOaieDAjYElhHRlPpgP4L8Df9TQmbP8esyXO2UKvvtsAeZBWXY8kp1oLWXFm9oGPjIEzjLRsi4tMXYmr1fIYas7pTyP2XZAMPXa2Bum9OEuEi6dUF3NrJfL4DZCTpmyRLqRHq4lS2IrqU6zhhy8j66RNkA3Wt5v4ZB","t_fb_id":"553103614822990","level":"debug","message":"local passport.deserializeUser()","timestamp":"2015-05-15T16:37:30.765Z"}
{"level":"debug","message":"t_id : 1","timestamp":"2015-05-15T16:37:30.776Z"}
{"level":"debug","message":"rows===================> : [object Object]","timestamp":"2015-05-15T16:37:30.819Z"}
{"t_id":1,"t_email":"dy626@naver.com","t_name":"다운 임","t_hp":"010-2222-2222","t_birth":"1989-12-31T15:00:00.000Z","t_fb_link":null,"t_thumbnail":"https://graph.facebook.com/v2.1/me/picture?access_token=CAALZAQL8NOWkBABYgjOCOaieDAjYElhHRlPpgP4L8Df9TQmbP8esyXO2UKvvtsAeZBWXY8kp1oLWXFm9oGPjIEzjLRsi4tMXYmr1fIYas7pTyP2XZAMPXa2Bum9OEuEi6dUF3NrJfL4DZCTpmyRLqRHq4lS2IrqU6zhhy8j66RNkA3Wt5v4ZB","t_fb_token":"CAALZAQL8NOWkBABYgjOCOaieDAjYElhHRlPpgP4L8Df9TQmbP8esyXO2UKvvtsAeZBWXY8kp1oLWXFm9oGPjIEzjLRsi4tMXYmr1fIYas7pTyP2XZAMPXa2Bum9OEuEi6dUF3NrJfL4DZCTpmyRLqRHq4lS2IrqU6zhhy8j66RNkA3Wt5v4ZB","t_fb_id":"553103614822990","level":"debug","message":"local passport.deserializeUser()","timestamp":"2015-05-15T16:37:30.820Z"}
{"level":"debug","message":"t_id : 1","timestamp":"2015-05-15T16:37:30.923Z"}
{"level":"debug","message":"t_id : 1","timestamp":"2015-05-15T16:37:30.945Z"}
{"level":"debug","message":"rows===================> : [object Object]","timestamp":"2015-05-15T16:37:30.967Z"}
{"t_id":1,"t_email":"dy626@naver.com","t_name":"다운 임","t_hp":"010-2222-2222","t_birth":"1989-12-31T15:00:00.000Z","t_fb_link":null,"t_thumbnail":"https://graph.facebook.com/v2.1/me/picture?access_token=CAALZAQL8NOWkBABYgjOCOaieDAjYElhHRlPpgP4L8Df9TQmbP8esyXO2UKvvtsAeZBWXY8kp1oLWXFm9oGPjIEzjLRsi4tMXYmr1fIYas7pTyP2XZAMPXa2Bum9OEuEi6dUF3NrJfL4DZCTpmyRLqRHq4lS2IrqU6zhhy8j66RNkA3Wt5v4ZB","t_fb_token":"CAALZAQL8NOWkBABYgjOCOaieDAjYElhHRlPpgP4L8Df9TQmbP8esyXO2UKvvtsAeZBWXY8kp1oLWXFm9oGPjIEzjLRsi4tMXYmr1fIYas7pTyP2XZAMPXa2Bum9OEuEi6dUF3NrJfL4DZCTpmyRLqRHq4lS2IrqU6zhhy8j66RNkA3Wt5v4ZB","t_fb_id":"553103614822990","level":"debug","message":"local passport.deserializeUser()","timestamp":"2015-05-15T16:37:30.967Z"}
{"level":"debug","message":"rows===================> : [object Object]","timestamp":"2015-05-15T16:37:30.988Z"}
{"t_id":1,"t_email":"dy626@naver.com","t_name":"다운 임","t_hp":"010-2222-2222","t_birth":"1989-12-31T15:00:00.000Z","t_fb_link":null,"t_thumbnail":"https://graph.facebook.com/v2.1/me/picture?access_token=CAALZAQL8NOWkBABYgjOCOaieDAjYElhHRlPpgP4L8Df9TQmbP8esyXO2UKvvtsAeZBWXY8kp1oLWXFm9oGPjIEzjLRsi4tMXYmr1fIYas7pTyP2XZAMPXa2Bum9OEuEi6dUF3NrJfL4DZCTpmyRLqRHq4lS2IrqU6zhhy8j66RNkA3Wt5v4ZB","t_fb_token":"CAALZAQL8NOWkBABYgjOCOaieDAjYElhHRlPpgP4L8Df9TQmbP8esyXO2UKvvtsAeZBWXY8kp1oLWXFm9oGPjIEzjLRsi4tMXYmr1fIYas7pTyP2XZAMPXa2Bum9OEuEi6dUF3NrJfL4DZCTpmyRLqRHq4lS2IrqU6zhhy8j66RNkA3Wt5v4ZB","t_fb_id":"553103614822990","level":"debug","message":"local passport.deserializeUser()","timestamp":"2015-05-15T16:37:30.989Z"}
{"level":"debug","message":"t_id : 1","timestamp":"2015-05-15T16:37:33.635Z"}
{"level":"debug","message":"rows===================> : [object Object]","timestamp":"2015-05-15T16:37:33.682Z"}
{"t_id":1,"t_email":"dy626@naver.com","t_name":"다운 임","t_hp":"010-2222-2222","t_birth":"1989-12-31T15:00:00.000Z","t_fb_link":null,"t_thumbnail":"https://graph.facebook.com/v2.1/me/picture?access_token=CAALZAQL8NOWkBABYgjOCOaieDAjYElhHRlPpgP4L8Df9TQmbP8esyXO2UKvvtsAeZBWXY8kp1oLWXFm9oGPjIEzjLRsi4tMXYmr1fIYas7pTyP2XZAMPXa2Bum9OEuEi6dUF3NrJfL4DZCTpmyRLqRHq4lS2IrqU6zhhy8j66RNkA3Wt5v4ZB","t_fb_token":"CAALZAQL8NOWkBABYgjOCOaieDAjYElhHRlPpgP4L8Df9TQmbP8esyXO2UKvvtsAeZBWXY8kp1oLWXFm9oGPjIEzjLRsi4tMXYmr1fIYas7pTyP2XZAMPXa2Bum9OEuEi6dUF3NrJfL4DZCTpmyRLqRHq4lS2IrqU6zhhy8j66RNkA3Wt5v4ZB","t_fb_id":"553103614822990","level":"debug","message":"local passport.deserializeUser()","timestamp":"2015-05-15T16:37:33.682Z"}
{"level":"debug","message":"req.isAuthenticated() ====> true","timestamp":"2015-05-15T16:37:33.683Z"}
{"level":"debug","message":"t_id : 1","timestamp":"2015-05-15T16:37:34.138Z"}
{"level":"debug","message":"t_id : 1","timestamp":"2015-05-15T16:37:34.142Z"}
{"level":"debug","message":"t_id : 1","timestamp":"2015-05-15T16:37:34.144Z"}
{"level":"debug","message":"t_id : 1","timestamp":"2015-05-15T16:37:34.148Z"}
{"level":"debug","message":"t_id : 1","timestamp":"2015-05-15T16:37:34.149Z"}
{"level":"debug","message":"rows===================> : [object Object]","timestamp":"2015-05-15T16:37:34.182Z"}
{"t_id":1,"t_email":"dy626@naver.com","t_name":"다운 임","t_hp":"010-2222-2222","t_birth":"1989-12-31T15:00:00.000Z","t_fb_link":null,"t_thumbnail":"https://graph.facebook.com/v2.1/me/picture?access_token=CAALZAQL8NOWkBABYgjOCOaieDAjYElhHRlPpgP4L8Df9TQmbP8esyXO2UKvvtsAeZBWXY8kp1oLWXFm9oGPjIEzjLRsi4tMXYmr1fIYas7pTyP2XZAMPXa2Bum9OEuEi6dUF3NrJfL4DZCTpmyRLqRHq4lS2IrqU6zhhy8j66RNkA3Wt5v4ZB","t_fb_token":"CAALZAQL8NOWkBABYgjOCOaieDAjYElhHRlPpgP4L8Df9TQmbP8esyXO2UKvvtsAeZBWXY8kp1oLWXFm9oGPjIEzjLRsi4tMXYmr1fIYas7pTyP2XZAMPXa2Bum9OEuEi6dUF3NrJfL4DZCTpmyRLqRHq4lS2IrqU6zhhy8j66RNkA3Wt5v4ZB","t_fb_id":"553103614822990","level":"debug","message":"local passport.deserializeUser()","timestamp":"2015-05-15T16:37:34.183Z"}
{"level":"debug","message":"rows===================> : [object Object]","timestamp":"2015-05-15T16:37:34.188Z"}
{"t_id":1,"t_email":"dy626@naver.com","t_name":"다운 임","t_hp":"010-2222-2222","t_birth":"1989-12-31T15:00:00.000Z","t_fb_link":null,"t_thumbnail":"https://graph.facebook.com/v2.1/me/picture?access_token=CAALZAQL8NOWkBABYgjOCOaieDAjYElhHRlPpgP4L8Df9TQmbP8esyXO2UKvvtsAeZBWXY8kp1oLWXFm9oGPjIEzjLRsi4tMXYmr1fIYas7pTyP2XZAMPXa2Bum9OEuEi6dUF3NrJfL4DZCTpmyRLqRHq4lS2IrqU6zhhy8j66RNkA3Wt5v4ZB","t_fb_token":"CAALZAQL8NOWkBABYgjOCOaieDAjYElhHRlPpgP4L8Df9TQmbP8esyXO2UKvvtsAeZBWXY8kp1oLWXFm9oGPjIEzjLRsi4tMXYmr1fIYas7pTyP2XZAMPXa2Bum9OEuEi6dUF3NrJfL4DZCTpmyRLqRHq4lS2IrqU6zhhy8j66RNkA3Wt5v4ZB","t_fb_id":"553103614822990","level":"debug","message":"local passport.deserializeUser()","timestamp":"2015-05-15T16:37:34.188Z"}
{"level":"debug","message":"rows===================> : [object Object]","timestamp":"2015-05-15T16:37:34.193Z"}
{"t_id":1,"t_email":"dy626@naver.com","t_name":"다운 임","t_hp":"010-2222-2222","t_birth":"1989-12-31T15:00:00.000Z","t_fb_link":null,"t_thumbnail":"https://graph.facebook.com/v2.1/me/picture?access_token=CAALZAQL8NOWkBABYgjOCOaieDAjYElhHRlPpgP4L8Df9TQmbP8esyXO2UKvvtsAeZBWXY8kp1oLWXFm9oGPjIEzjLRsi4tMXYmr1fIYas7pTyP2XZAMPXa2Bum9OEuEi6dUF3NrJfL4DZCTpmyRLqRHq4lS2IrqU6zhhy8j66RNkA3Wt5v4ZB","t_fb_token":"CAALZAQL8NOWkBABYgjOCOaieDAjYElhHRlPpgP4L8Df9TQmbP8esyXO2UKvvtsAeZBWXY8kp1oLWXFm9oGPjIEzjLRsi4tMXYmr1fIYas7pTyP2XZAMPXa2Bum9OEuEi6dUF3NrJfL4DZCTpmyRLqRHq4lS2IrqU6zhhy8j66RNkA3Wt5v4ZB","t_fb_id":"553103614822990","level":"debug","message":"local passport.deserializeUser()","timestamp":"2015-05-15T16:37:34.193Z"}
{"level":"debug","message":"rows===================> : [object Object]","timestamp":"2015-05-15T16:37:34.197Z"}
{"t_id":1,"t_email":"dy626@naver.com","t_name":"다운 임","t_hp":"010-2222-2222","t_birth":"1989-12-31T15:00:00.000Z","t_fb_link":null,"t_thumbnail":"https://graph.facebook.com/v2.1/me/picture?access_token=CAALZAQL8NOWkBABYgjOCOaieDAjYElhHRlPpgP4L8Df9TQmbP8esyXO2UKvvtsAeZBWXY8kp1oLWXFm9oGPjIEzjLRsi4tMXYmr1fIYas7pTyP2XZAMPXa2Bum9OEuEi6dUF3NrJfL4DZCTpmyRLqRHq4lS2IrqU6zhhy8j66RNkA3Wt5v4ZB","t_fb_token":"CAALZAQL8NOWkBABYgjOCOaieDAjYElhHRlPpgP4L8Df9TQmbP8esyXO2UKvvtsAeZBWXY8kp1oLWXFm9oGPjIEzjLRsi4tMXYmr1fIYas7pTyP2XZAMPXa2Bum9OEuEi6dUF3NrJfL4DZCTpmyRLqRHq4lS2IrqU6zhhy8j66RNkA3Wt5v4ZB","t_fb_id":"553103614822990","level":"debug","message":"local passport.deserializeUser()","timestamp":"2015-05-15T16:37:34.200Z"}
{"level":"debug","message":"rows===================> : [object Object]","timestamp":"2015-05-15T16:37:34.205Z"}
{"t_id":1,"t_email":"dy626@naver.com","t_name":"다운 임","t_hp":"010-2222-2222","t_birth":"1989-12-31T15:00:00.000Z","t_fb_link":null,"t_thumbnail":"https://graph.facebook.com/v2.1/me/picture?access_token=CAALZAQL8NOWkBABYgjOCOaieDAjYElhHRlPpgP4L8Df9TQmbP8esyXO2UKvvtsAeZBWXY8kp1oLWXFm9oGPjIEzjLRsi4tMXYmr1fIYas7pTyP2XZAMPXa2Bum9OEuEi6dUF3NrJfL4DZCTpmyRLqRHq4lS2IrqU6zhhy8j66RNkA3Wt5v4ZB","t_fb_token":"CAALZAQL8NOWkBABYgjOCOaieDAjYElhHRlPpgP4L8Df9TQmbP8esyXO2UKvvtsAeZBWXY8kp1oLWXFm9oGPjIEzjLRsi4tMXYmr1fIYas7pTyP2XZAMPXa2Bum9OEuEi6dUF3NrJfL4DZCTpmyRLqRHq4lS2IrqU6zhhy8j66RNkA3Wt5v4ZB","t_fb_id":"553103614822990","level":"debug","message":"local passport.deserializeUser()","timestamp":"2015-05-15T16:37:34.205Z"}
{"level":"debug","message":"t_id : 1","timestamp":"2015-05-15T16:37:34.218Z"}
{"level":"debug","message":"rows===================> : [object Object]","timestamp":"2015-05-15T16:37:34.261Z"}
{"t_id":1,"t_email":"dy626@naver.com","t_name":"다운 임","t_hp":"010-2222-2222","t_birth":"1989-12-31T15:00:00.000Z","t_fb_link":null,"t_thumbnail":"https://graph.facebook.com/v2.1/me/picture?access_token=CAALZAQL8NOWkBABYgjOCOaieDAjYElhHRlPpgP4L8Df9TQmbP8esyXO2UKvvtsAeZBWXY8kp1oLWXFm9oGPjIEzjLRsi4tMXYmr1fIYas7pTyP2XZAMPXa2Bum9OEuEi6dUF3NrJfL4DZCTpmyRLqRHq4lS2IrqU6zhhy8j66RNkA3Wt5v4ZB","t_fb_token":"CAALZAQL8NOWkBABYgjOCOaieDAjYElhHRlPpgP4L8Df9TQmbP8esyXO2UKvvtsAeZBWXY8kp1oLWXFm9oGPjIEzjLRsi4tMXYmr1fIYas7pTyP2XZAMPXa2Bum9OEuEi6dUF3NrJfL4DZCTpmyRLqRHq4lS2IrqU6zhhy8j66RNkA3Wt5v4ZB","t_fb_id":"553103614822990","level":"debug","message":"local passport.deserializeUser()","timestamp":"2015-05-15T16:37:34.261Z"}
{"level":"debug","message":"t_id : 1","timestamp":"2015-05-15T16:37:34.356Z"}
{"level":"debug","message":"t_id : 1","timestamp":"2015-05-15T16:37:34.380Z"}
{"level":"debug","message":"rows===================> : [object Object]","timestamp":"2015-05-15T16:37:34.399Z"}
{"t_id":1,"t_email":"dy626@naver.com","t_name":"다운 임","t_hp":"010-2222-2222","t_birth":"1989-12-31T15:00:00.000Z","t_fb_link":null,"t_thumbnail":"https://graph.facebook.com/v2.1/me/picture?access_token=CAALZAQL8NOWkBABYgjOCOaieDAjYElhHRlPpgP4L8Df9TQmbP8esyXO2UKvvtsAeZBWXY8kp1oLWXFm9oGPjIEzjLRsi4tMXYmr1fIYas7pTyP2XZAMPXa2Bum9OEuEi6dUF3NrJfL4DZCTpmyRLqRHq4lS2IrqU6zhhy8j66RNkA3Wt5v4ZB","t_fb_token":"CAALZAQL8NOWkBABYgjOCOaieDAjYElhHRlPpgP4L8Df9TQmbP8esyXO2UKvvtsAeZBWXY8kp1oLWXFm9oGPjIEzjLRsi4tMXYmr1fIYas7pTyP2XZAMPXa2Bum9OEuEi6dUF3NrJfL4DZCTpmyRLqRHq4lS2IrqU6zhhy8j66RNkA3Wt5v4ZB","t_fb_id":"553103614822990","level":"debug","message":"local passport.deserializeUser()","timestamp":"2015-05-15T16:37:34.399Z"}
{"level":"debug","message":"t_id : 1","timestamp":"2015-05-15T16:37:34.400Z"}
{"level":"debug","message":"rows===================> : [object Object]","timestamp":"2015-05-15T16:37:34.423Z"}
{"t_id":1,"t_email":"dy626@naver.com","t_name":"다운 임","t_hp":"010-2222-2222","t_birth":"1989-12-31T15:00:00.000Z","t_fb_link":null,"t_thumbnail":"https://graph.facebook.com/v2.1/me/picture?access_token=CAALZAQL8NOWkBABYgjOCOaieDAjYElhHRlPpgP4L8Df9TQmbP8esyXO2UKvvtsAeZBWXY8kp1oLWXFm9oGPjIEzjLRsi4tMXYmr1fIYas7pTyP2XZAMPXa2Bum9OEuEi6dUF3NrJfL4DZCTpmyRLqRHq4lS2IrqU6zhhy8j66RNkA3Wt5v4ZB","t_fb_token":"CAALZAQL8NOWkBABYgjOCOaieDAjYElhHRlPpgP4L8Df9TQmbP8esyXO2UKvvtsAeZBWXY8kp1oLWXFm9oGPjIEzjLRsi4tMXYmr1fIYas7pTyP2XZAMPXa2Bum9OEuEi6dUF3NrJfL4DZCTpmyRLqRHq4lS2IrqU6zhhy8j66RNkA3Wt5v4ZB","t_fb_id":"553103614822990","level":"debug","message":"local passport.deserializeUser()","timestamp":"2015-05-15T16:37:34.423Z"}
{"level":"debug","message":"rows===================> : [object Object]","timestamp":"2015-05-15T16:37:34.445Z"}
{"t_id":1,"t_email":"dy626@naver.com","t_name":"다운 임","t_hp":"010-2222-2222","t_birth":"1989-12-31T15:00:00.000Z","t_fb_link":null,"t_thumbnail":"https://graph.facebook.com/v2.1/me/picture?access_token=CAALZAQL8NOWkBABYgjOCOaieDAjYElhHRlPpgP4L8Df9TQmbP8esyXO2UKvvtsAeZBWXY8kp1oLWXFm9oGPjIEzjLRsi4tMXYmr1fIYas7pTyP2XZAMPXa2Bum9OEuEi6dUF3NrJfL4DZCTpmyRLqRHq4lS2IrqU6zhhy8j66RNkA3Wt5v4ZB","t_fb_token":"CAALZAQL8NOWkBABYgjOCOaieDAjYElhHRlPpgP4L8Df9TQmbP8esyXO2UKvvtsAeZBWXY8kp1oLWXFm9oGPjIEzjLRsi4tMXYmr1fIYas7pTyP2XZAMPXa2Bum9OEuEi6dUF3NrJfL4DZCTpmyRLqRHq4lS2IrqU6zhhy8j66RNkA3Wt5v4ZB","t_fb_id":"553103614822990","level":"debug","message":"local passport.deserializeUser()","timestamp":"2015-05-15T16:37:34.445Z"}
{"level":"debug","message":"t_id : 1","timestamp":"2015-05-15T16:37:34.556Z"}
{"level":"debug","message":"t_id : 1","timestamp":"2015-05-15T16:37:34.583Z"}
{"level":"debug","message":"rows===================> : [object Object]","timestamp":"2015-05-15T16:37:34.598Z"}
{"t_id":1,"t_email":"dy626@naver.com","t_name":"다운 임","t_hp":"010-2222-2222","t_birth":"1989-12-31T15:00:00.000Z","t_fb_link":null,"t_thumbnail":"https://graph.facebook.com/v2.1/me/picture?access_token=CAALZAQL8NOWkBABYgjOCOaieDAjYElhHRlPpgP4L8Df9TQmbP8esyXO2UKvvtsAeZBWXY8kp1oLWXFm9oGPjIEzjLRsi4tMXYmr1fIYas7pTyP2XZAMPXa2Bum9OEuEi6dUF3NrJfL4DZCTpmyRLqRHq4lS2IrqU6zhhy8j66RNkA3Wt5v4ZB","t_fb_token":"CAALZAQL8NOWkBABYgjOCOaieDAjYElhHRlPpgP4L8Df9TQmbP8esyXO2UKvvtsAeZBWXY8kp1oLWXFm9oGPjIEzjLRsi4tMXYmr1fIYas7pTyP2XZAMPXa2Bum9OEuEi6dUF3NrJfL4DZCTpmyRLqRHq4lS2IrqU6zhhy8j66RNkA3Wt5v4ZB","t_fb_id":"553103614822990","level":"debug","message":"local passport.deserializeUser()","timestamp":"2015-05-15T16:37:34.599Z"}
{"level":"debug","message":"rows===================> : [object Object]","timestamp":"2015-05-15T16:37:34.626Z"}
{"t_id":1,"t_email":"dy626@naver.com","t_name":"다운 임","t_hp":"010-2222-2222","t_birth":"1989-12-31T15:00:00.000Z","t_fb_link":null,"t_thumbnail":"https://graph.facebook.com/v2.1/me/picture?access_token=CAALZAQL8NOWkBABYgjOCOaieDAjYElhHRlPpgP4L8Df9TQmbP8esyXO2UKvvtsAeZBWXY8kp1oLWXFm9oGPjIEzjLRsi4tMXYmr1fIYas7pTyP2XZAMPXa2Bum9OEuEi6dUF3NrJfL4DZCTpmyRLqRHq4lS2IrqU6zhhy8j66RNkA3Wt5v4ZB","t_fb_token":"CAALZAQL8NOWkBABYgjOCOaieDAjYElhHRlPpgP4L8Df9TQmbP8esyXO2UKvvtsAeZBWXY8kp1oLWXFm9oGPjIEzjLRsi4tMXYmr1fIYas7pTyP2XZAMPXa2Bum9OEuEi6dUF3NrJfL4DZCTpmyRLqRHq4lS2IrqU6zhhy8j66RNkA3Wt5v4ZB","t_fb_id":"553103614822990","level":"debug","message":"local passport.deserializeUser()","timestamp":"2015-05-15T16:37:34.627Z"}
{"level":"debug","message":"t_id : 7","timestamp":"2015-05-15T16:38:37.783Z"}
{"level":"debug","message":"rows===================> : [object Object]","timestamp":"2015-05-15T16:38:37.829Z"}
{"t_id":7,"t_email":"qwer4@naver.com","t_name":"qwer4","t_hp":"010-7777-7777","t_birth":"1999-12-31T15:00:00.000Z","t_fb_link":"","t_thumbnail":"https://s3-ap-northeast-1.amazonaws.com/treetree/image/profile/upload_70d91ba5a39f9ffedbda8e7f09c37a67.PNG","t_fb_token":null,"t_fb_id":null,"level":"debug","message":"local passport.deserializeUser()","timestamp":"2015-05-15T16:38:37.829Z"}
{"level":"debug","message":"req.isAuthenticated() ====> true","timestamp":"2015-05-15T16:38:37.830Z"}
{"level":"debug","message":"t_id : 7","timestamp":"2015-05-15T16:38:40.613Z"}
{"level":"debug","message":"t_id : 7","timestamp":"2015-05-15T16:38:40.615Z"}
{"level":"debug","message":"t_id : 7","timestamp":"2015-05-15T16:38:40.616Z"}
{"level":"debug","message":"t_id : 7","timestamp":"2015-05-15T16:38:40.617Z"}
{"level":"debug","message":"rows===================> : [object Object]","timestamp":"2015-05-15T16:38:40.655Z"}
{"t_id":7,"t_email":"qwer4@naver.com","t_name":"qwer4","t_hp":"010-7777-7777","t_birth":"1999-12-31T15:00:00.000Z","t_fb_link":"","t_thumbnail":"https://s3-ap-northeast-1.amazonaws.com/treetree/image/profile/upload_70d91ba5a39f9ffedbda8e7f09c37a67.PNG","t_fb_token":null,"t_fb_id":null,"level":"debug","message":"local passport.deserializeUser()","timestamp":"2015-05-15T16:38:40.655Z"}
{"level":"debug","message":"rows===================> : [object Object]","timestamp":"2015-05-15T16:38:40.659Z"}
{"t_id":7,"t_email":"qwer4@naver.com","t_name":"qwer4","t_hp":"010-7777-7777","t_birth":"1999-12-31T15:00:00.000Z","t_fb_link":"","t_thumbnail":"https://s3-ap-northeast-1.amazonaws.com/treetree/image/profile/upload_70d91ba5a39f9ffedbda8e7f09c37a67.PNG","t_fb_token":null,"t_fb_id":null,"level":"debug","message":"local passport.deserializeUser()","timestamp":"2015-05-15T16:38:40.660Z"}
{"level":"debug","message":"rows===================> : [object Object]","timestamp":"2015-05-15T16:38:40.667Z"}
{"t_id":7,"t_email":"qwer4@naver.com","t_name":"qwer4","t_hp":"010-7777-7777","t_birth":"1999-12-31T15:00:00.000Z","t_fb_link":"","t_thumbnail":"https://s3-ap-northeast-1.amazonaws.com/treetree/image/profile/upload_70d91ba5a39f9ffedbda8e7f09c37a67.PNG","t_fb_token":null,"t_fb_id":null,"level":"debug","message":"local passport.deserializeUser()","timestamp":"2015-05-15T16:38:40.668Z"}
{"level":"debug","message":"rows===================> : [object Object]","timestamp":"2015-05-15T16:38:40.673Z"}
{"t_id":7,"t_email":"qwer4@naver.com","t_name":"qwer4","t_hp":"010-7777-7777","t_birth":"1999-12-31T15:00:00.000Z","t_fb_link":"","t_thumbnail":"https://s3-ap-northeast-1.amazonaws.com/treetree/image/profile/upload_70d91ba5a39f9ffedbda8e7f09c37a67.PNG","t_fb_token":null,"t_fb_id":null,"level":"debug","message":"local passport.deserializeUser()","timestamp":"2015-05-15T16:38:40.674Z"}
{"level":"debug","message":"t_id : 7","timestamp":"2015-05-15T16:38:40.714Z"}
{"level":"debug","message":"t_id : 7","timestamp":"2015-05-15T16:38:40.716Z"}
{"level":"debug","message":"rows===================> : [object Object]","timestamp":"2015-05-15T16:38:40.759Z"}
{"t_id":7,"t_email":"qwer4@naver.com","t_name":"qwer4","t_hp":"010-7777-7777","t_birth":"1999-12-31T15:00:00.000Z","t_fb_link":"","t_thumbnail":"https://s3-ap-northeast-1.amazonaws.com/treetree/image/profile/upload_70d91ba5a39f9ffedbda8e7f09c37a67.PNG","t_fb_token":null,"t_fb_id":null,"level":"debug","message":"local passport.deserializeUser()","timestamp":"2015-05-15T16:38:40.759Z"}
{"level":"debug","message":"rows===================> : [object Object]","timestamp":"2015-05-15T16:38:40.764Z"}
{"t_id":7,"t_email":"qwer4@naver.com","t_name":"qwer4","t_hp":"010-7777-7777","t_birth":"1999-12-31T15:00:00.000Z","t_fb_link":"","t_thumbnail":"https://s3-ap-northeast-1.amazonaws.com/treetree/image/profile/upload_70d91ba5a39f9ffedbda8e7f09c37a67.PNG","t_fb_token":null,"t_fb_id":null,"level":"debug","message":"local passport.deserializeUser()","timestamp":"2015-05-15T16:38:40.765Z"}
{"level":"debug","message":"t_id : 7","timestamp":"2015-05-15T16:38:41.174Z"}
{"level":"debug","message":"rows===================> : [object Object]","timestamp":"2015-05-15T16:38:41.217Z"}
{"t_id":7,"t_email":"qwer4@naver.com","t_name":"qwer4","t_hp":"010-7777-7777","t_birth":"1999-12-31T15:00:00.000Z","t_fb_link":"","t_thumbnail":"https://s3-ap-northeast-1.amazonaws.com/treetree/image/profile/upload_70d91ba5a39f9ffedbda8e7f09c37a67.PNG","t_fb_token":null,"t_fb_id":null,"level":"debug","message":"local passport.deserializeUser()","timestamp":"2015-05-15T16:38:41.218Z"}
{"level":"debug","message":"t_id : 7","timestamp":"2015-05-15T16:38:41.235Z"}
{"level":"debug","message":"t_id : 7","timestamp":"2015-05-15T16:38:41.241Z"}
{"level":"debug","message":"t_id : 7","timestamp":"2015-05-15T16:38:41.245Z"}
{"level":"debug","message":"t_id : 7","timestamp":"2015-05-15T16:38:41.246Z"}
{"level":"debug","message":"rows===================> : [object Object]","timestamp":"2015-05-15T16:38:41.278Z"}
{"t_id":7,"t_email":"qwer4@naver.com","t_name":"qwer4","t_hp":"010-7777-7777","t_birth":"1999-12-31T15:00:00.000Z","t_fb_link":"","t_thumbnail":"https://s3-ap-northeast-1.amazonaws.com/treetree/image/profile/upload_70d91ba5a39f9ffedbda8e7f09c37a67.PNG","t_fb_token":null,"t_fb_id":null,"level":"debug","message":"local passport.deserializeUser()","timestamp":"2015-05-15T16:38:41.278Z"}
{"level":"debug","message":"rows===================> : [object Object]","timestamp":"2015-05-15T16:38:41.287Z"}
{"t_id":7,"t_email":"qwer4@naver.com","t_name":"qwer4","t_hp":"010-7777-7777","t_birth":"1999-12-31T15:00:00.000Z","t_fb_link":"","t_thumbnail":"https://s3-ap-northeast-1.amazonaws.com/treetree/image/profile/upload_70d91ba5a39f9ffedbda8e7f09c37a67.PNG","t_fb_token":null,"t_fb_id":null,"level":"debug","message":"local passport.deserializeUser()","timestamp":"2015-05-15T16:38:41.287Z"}
{"level":"debug","message":"rows===================> : [object Object]","timestamp":"2015-05-15T16:38:41.295Z"}
{"t_id":7,"t_email":"qwer4@naver.com","t_name":"qwer4","t_hp":"010-7777-7777","t_birth":"1999-12-31T15:00:00.000Z","t_fb_link":"","t_thumbnail":"https://s3-ap-northeast-1.amazonaws.com/treetree/image/profile/upload_70d91ba5a39f9ffedbda8e7f09c37a67.PNG","t_fb_token":null,"t_fb_id":null,"level":"debug","message":"local passport.deserializeUser()","timestamp":"2015-05-15T16:38:41.295Z"}
{"level":"debug","message":"rows===================> : [object Object]","timestamp":"2015-05-15T16:38:41.301Z"}
{"t_id":7,"t_email":"qwer4@naver.com","t_name":"qwer4","t_hp":"010-7777-7777","t_birth":"1999-12-31T15:00:00.000Z","t_fb_link":"","t_thumbnail":"https://s3-ap-northeast-1.amazonaws.com/treetree/image/profile/upload_70d91ba5a39f9ffedbda8e7f09c37a67.PNG","t_fb_token":null,"t_fb_id":null,"level":"debug","message":"local passport.deserializeUser()","timestamp":"2015-05-15T16:38:41.301Z"}
{"level":"debug","message":"t_id : 7","timestamp":"2015-05-15T16:38:45.775Z"}
{"level":"debug","message":"rows===================> : [object Object]","timestamp":"2015-05-15T16:38:45.822Z"}
{"t_id":7,"t_email":"qwer4@naver.com","t_name":"qwer4","t_hp":"010-7777-7777","t_birth":"1999-12-31T15:00:00.000Z","t_fb_link":"","t_thumbnail":"https://s3-ap-northeast-1.amazonaws.com/treetree/image/profile/upload_70d91ba5a39f9ffedbda8e7f09c37a67.PNG","t_fb_token":null,"t_fb_id":null,"level":"debug","message":"local passport.deserializeUser()","timestamp":"2015-05-15T16:38:45.822Z"}
{"level":"debug","message":"t_id : 7","timestamp":"2015-05-15T16:39:02.142Z"}
{"level":"debug","message":"t_id : 7","timestamp":"2015-05-15T16:39:03.197Z"}
{"level":"debug","message":"t_id : 7","timestamp":"2015-05-15T16:39:03.198Z"}
{"level":"debug","message":"t_id : 7","timestamp":"2015-05-15T16:39:03.200Z"}
{"level":"debug","message":"t_id : 7","timestamp":"2015-05-15T16:39:03.202Z"}
{"level":"debug","message":"t_id : 7","timestamp":"2015-05-15T16:39:03.203Z"}
{"level":"debug","message":"t_id : 7","timestamp":"2015-05-15T16:39:03.205Z"}
{"level":"debug","message":"rows===================> : [object Object]","timestamp":"2015-05-15T16:39:03.242Z"}
{"t_id":7,"t_email":"qwer4@naver.com","t_name":"qwer4","t_hp":"010-7777-7777","t_birth":"1999-12-31T15:00:00.000Z","t_fb_link":"","t_thumbnail":"https://s3-ap-northeast-1.amazonaws.com/treetree/image/profile/upload_70d91ba5a39f9ffedbda8e7f09c37a67.PNG","t_fb_token":null,"t_fb_id":null,"level":"debug","message":"local passport.deserializeUser()","timestamp":"2015-05-15T16:39:03.242Z"}
{"level":"debug","message":"rows===================> : [object Object]","timestamp":"2015-05-15T16:39:03.249Z"}
{"t_id":7,"t_email":"qwer4@naver.com","t_name":"qwer4","t_hp":"010-7777-7777","t_birth":"1999-12-31T15:00:00.000Z","t_fb_link":"","t_thumbnail":"https://s3-ap-northeast-1.amazonaws.com/treetree/image/profile/upload_70d91ba5a39f9ffedbda8e7f09c37a67.PNG","t_fb_token":null,"t_fb_id":null,"level":"debug","message":"local passport.deserializeUser()","timestamp":"2015-05-15T16:39:03.249Z"}
{"level":"debug","message":"rows===================> : [object Object]","timestamp":"2015-05-15T16:39:03.256Z"}
{"t_id":7,"t_email":"qwer4@naver.com","t_name":"qwer4","t_hp":"010-7777-7777","t_birth":"1999-12-31T15:00:00.000Z","t_fb_link":"","t_thumbnail":"https://s3-ap-northeast-1.amazonaws.com/treetree/image/profile/upload_70d91ba5a39f9ffedbda8e7f09c37a67.PNG","t_fb_token":null,"t_fb_id":null,"level":"debug","message":"local passport.deserializeUser()","timestamp":"2015-05-15T16:39:03.256Z"}
{"level":"debug","message":"rows===================> : [object Object]","timestamp":"2015-05-15T16:39:03.264Z"}
{"t_id":7,"t_email":"qwer4@naver.com","t_name":"qwer4","t_hp":"010-7777-7777","t_birth":"1999-12-31T15:00:00.000Z","t_fb_link":"","t_thumbnail":"https://s3-ap-northeast-1.amazonaws.com/treetree/image/profile/upload_70d91ba5a39f9ffedbda8e7f09c37a67.PNG","t_fb_token":null,"t_fb_id":null,"level":"debug","message":"local passport.deserializeUser()","timestamp":"2015-05-15T16:39:03.264Z"}
{"level":"debug","message":"rows===================> : [object Object]","timestamp":"2015-05-15T16:39:03.272Z"}
{"t_id":7,"t_email":"qwer4@naver.com","t_name":"qwer4","t_hp":"010-7777-7777","t_birth":"1999-12-31T15:00:00.000Z","t_fb_link":"","t_thumbnail":"https://s3-ap-northeast-1.amazonaws.com/treetree/image/profile/upload_70d91ba5a39f9ffedbda8e7f09c37a67.PNG","t_fb_token":null,"t_fb_id":null,"level":"debug","message":"local passport.deserializeUser()","timestamp":"2015-05-15T16:39:03.272Z"}
{"level":"debug","message":"rows===================> : [object Object]","timestamp":"2015-05-15T16:39:03.290Z"}
{"t_id":7,"t_email":"qwer4@naver.com","t_name":"qwer4","t_hp":"010-7777-7777","t_birth":"1999-12-31T15:00:00.000Z","t_fb_link":"","t_thumbnail":"https://s3-ap-northeast-1.amazonaws.com/treetree/image/profile/upload_70d91ba5a39f9ffedbda8e7f09c37a67.PNG","t_fb_token":null,"t_fb_id":null,"level":"debug","message":"local passport.deserializeUser()","timestamp":"2015-05-15T16:39:03.290Z"}
{"level":"debug","message":"t_id : 7","timestamp":"2015-05-15T16:39:03.550Z"}
{"level":"debug","message":"t_id : 7","timestamp":"2015-05-15T16:39:03.555Z"}
{"level":"debug","message":"t_id : 7","timestamp":"2015-05-15T16:39:03.558Z"}
{"level":"debug","message":"t_id : 7","timestamp":"2015-05-15T16:39:03.562Z"}
{"level":"debug","message":"t_id : 7","timestamp":"2015-05-15T16:39:03.572Z"}
{"level":"debug","message":"rows===================> : [object Object]","timestamp":"2015-05-15T16:39:03.594Z"}
{"t_id":7,"t_email":"qwer4@naver.com","t_name":"qwer4","t_hp":"010-7777-7777","t_birth":"1999-12-31T15:00:00.000Z","t_fb_link":"","t_thumbnail":"https://s3-ap-northeast-1.amazonaws.com/treetree/image/profile/upload_70d91ba5a39f9ffedbda8e7f09c37a67.PNG","t_fb_token":null,"t_fb_id":null,"level":"debug","message":"local passport.deserializeUser()","timestamp":"2015-05-15T16:39:03.594Z"}
{"level":"debug","message":"rows===================> : [object Object]","timestamp":"2015-05-15T16:39:03.600Z"}
{"t_id":7,"t_email":"qwer4@naver.com","t_name":"qwer4","t_hp":"010-7777-7777","t_birth":"1999-12-31T15:00:00.000Z","t_fb_link":"","t_thumbnail":"https://s3-ap-northeast-1.amazonaws.com/treetree/image/profile/upload_70d91ba5a39f9ffedbda8e7f09c37a67.PNG","t_fb_token":null,"t_fb_id":null,"level":"debug","message":"local passport.deserializeUser()","timestamp":"2015-05-15T16:39:03.601Z"}
{"level":"debug","message":"rows===================> : [object Object]","timestamp":"2015-05-15T16:39:03.605Z"}
{"t_id":7,"t_email":"qwer4@naver.com","t_name":"qwer4","t_hp":"010-7777-7777","t_birth":"1999-12-31T15:00:00.000Z","t_fb_link":"","t_thumbnail":"https://s3-ap-northeast-1.amazonaws.com/treetree/image/profile/upload_70d91ba5a39f9ffedbda8e7f09c37a67.PNG","t_fb_token":null,"t_fb_id":null,"level":"debug","message":"local passport.deserializeUser()","timestamp":"2015-05-15T16:39:03.606Z"}
{"level":"debug","message":"rows===================> : [object Object]","timestamp":"2015-05-15T16:39:03.629Z"}
{"t_id":7,"t_email":"qwer4@naver.com","t_name":"qwer4","t_hp":"010-7777-7777","t_birth":"1999-12-31T15:00:00.000Z","t_fb_link":"","t_thumbnail":"https://s3-ap-northeast-1.amazonaws.com/treetree/image/profile/upload_70d91ba5a39f9ffedbda8e7f09c37a67.PNG","t_fb_token":null,"t_fb_id":null,"level":"debug","message":"local passport.deserializeUser()","timestamp":"2015-05-15T16:39:03.629Z"}
{"level":"debug","message":"rows===================> : [object Object]","timestamp":"2015-05-15T16:39:03.637Z"}
{"t_id":7,"t_email":"qwer4@naver.com","t_name":"qwer4","t_hp":"010-7777-7777","t_birth":"1999-12-31T15:00:00.000Z","t_fb_link":"","t_thumbnail":"https://s3-ap-northeast-1.amazonaws.com/treetree/image/profile/upload_70d91ba5a39f9ffedbda8e7f09c37a67.PNG","t_fb_token":null,"t_fb_id":null,"level":"debug","message":"local passport.deserializeUser()","timestamp":"2015-05-15T16:39:03.637Z"}
{"level":"debug","message":"t_id : 7","timestamp":"2015-05-15T16:39:06.225Z"}
{"level":"debug","message":"rows===================> : [object Object]","timestamp":"2015-05-15T16:39:06.274Z"}
{"t_id":7,"t_email":"qwer4@naver.com","t_name":"qwer4","t_hp":"010-7777-7777","t_birth":"1999-12-31T15:00:00.000Z","t_fb_link":"","t_thumbnail":"https://s3-ap-northeast-1.amazonaws.com/treetree/image/profile/upload_70d91ba5a39f9ffedbda8e7f09c37a67.PNG","t_fb_token":null,"t_fb_id":null,"level":"debug","message":"local passport.deserializeUser()","timestamp":"2015-05-15T16:39:06.274Z"}
{"level":"debug","message":"t_id : 7","timestamp":"2015-05-15T16:39:36.958Z"}
{"level":"debug","message":"rows===================> : [object Object]","timestamp":"2015-05-15T16:39:37.000Z"}
{"t_id":7,"t_email":"qwer4@naver.com","t_name":"qwer4","t_hp":"010-7777-7777","t_birth":"1999-12-31T15:00:00.000Z","t_fb_link":"","t_thumbnail":"https://s3-ap-northeast-1.amazonaws.com/treetree/image/profile/upload_70d91ba5a39f9ffedbda8e7f09c37a67.PNG","t_fb_token":null,"t_fb_id":null,"level":"debug","message":"local passport.deserializeUser()","timestamp":"2015-05-15T16:39:37.000Z"}
{"level":"debug","message":"logged in ========================>homeLoggedIn","timestamp":"2015-05-15T16:39:37.001Z"}
{"level":"debug","message":"t_id : 7","timestamp":"2015-05-15T16:39:37.553Z"}
{"level":"debug","message":"t_id : 7","timestamp":"2015-05-15T16:39:37.573Z"}
{"level":"debug","message":"t_id : 7","timestamp":"2015-05-15T16:39:37.577Z"}
{"level":"debug","message":"rows===================> : [object Object]","timestamp":"2015-05-15T16:39:37.596Z"}
{"t_id":7,"t_email":"qwer4@naver.com","t_name":"qwer4","t_hp":"010-7777-7777","t_birth":"1999-12-31T15:00:00.000Z","t_fb_link":"","t_thumbnail":"https://s3-ap-northeast-1.amazonaws.com/treetree/image/profile/upload_70d91ba5a39f9ffedbda8e7f09c37a67.PNG","t_fb_token":null,"t_fb_id":null,"level":"debug","message":"local passport.deserializeUser()","timestamp":"2015-05-15T16:39:37.596Z"}
{"level":"debug","message":"rows===================> : [object Object]","timestamp":"2015-05-15T16:39:37.620Z"}
{"t_id":7,"t_email":"qwer4@naver.com","t_name":"qwer4","t_hp":"010-7777-7777","t_birth":"1999-12-31T15:00:00.000Z","t_fb_link":"","t_thumbnail":"https://s3-ap-northeast-1.amazonaws.com/treetree/image/profile/upload_70d91ba5a39f9ffedbda8e7f09c37a67.PNG","t_fb_token":null,"t_fb_id":null,"level":"debug","message":"local passport.deserializeUser()","timestamp":"2015-05-15T16:39:37.621Z"}
{"level":"debug","message":"rows===================> : [object Object]","timestamp":"2015-05-15T16:39:37.628Z"}
{"t_id":7,"t_email":"qwer4@naver.com","t_name":"qwer4","t_hp":"010-7777-7777","t_birth":"1999-12-31T15:00:00.000Z","t_fb_link":"","t_thumbnail":"https://s3-ap-northeast-1.amazonaws.com/treetree/image/profile/upload_70d91ba5a39f9ffedbda8e7f09c37a67.PNG","t_fb_token":null,"t_fb_id":null,"level":"debug","message":"local passport.deserializeUser()","timestamp":"2015-05-15T16:39:37.628Z"}
{"level":"debug","message":"t_id : 7","timestamp":"2015-05-15T16:39:37.655Z"}
{"level":"debug","message":"t_id : 7","timestamp":"2015-05-15T16:39:37.661Z"}
{"level":"debug","message":"t_id : 7","timestamp":"2015-05-15T16:39:37.668Z"}
{"level":"debug","message":"rows===================> : [object Object]","timestamp":"2015-05-15T16:39:37.700Z"}
{"t_id":7,"t_email":"qwer4@naver.com","t_name":"qwer4","t_hp":"010-7777-7777","t_birth":"1999-12-31T15:00:00.000Z","t_fb_link":"","t_thumbnail":"https://s3-ap-northeast-1.amazonaws.com/treetree/image/profile/upload_70d91ba5a39f9ffedbda8e7f09c37a67.PNG","t_fb_token":null,"t_fb_id":null,"level":"debug","message":"local passport.deserializeUser()","timestamp":"2015-05-15T16:39:37.700Z"}
{"level":"debug","message":"rows===================> : [object Object]","timestamp":"2015-05-15T16:39:37.705Z"}
{"t_id":7,"t_email":"qwer4@naver.com","t_name":"qwer4","t_hp":"010-7777-7777","t_birth":"1999-12-31T15:00:00.000Z","t_fb_link":"","t_thumbnail":"https://s3-ap-northeast-1.amazonaws.com/treetree/image/profile/upload_70d91ba5a39f9ffedbda8e7f09c37a67.PNG","t_fb_token":null,"t_fb_id":null,"level":"debug","message":"local passport.deserializeUser()","timestamp":"2015-05-15T16:39:37.706Z"}
{"level":"debug","message":"rows===================> : [object Object]","timestamp":"2015-05-15T16:39:37.711Z"}
{"t_id":7,"t_email":"qwer4@naver.com","t_name":"qwer4","t_hp":"010-7777-7777","t_birth":"1999-12-31T15:00:00.000Z","t_fb_link":"","t_thumbnail":"https://s3-ap-northeast-1.amazonaws.com/treetree/image/profile/upload_70d91ba5a39f9ffedbda8e7f09c37a67.PNG","t_fb_token":null,"t_fb_id":null,"level":"debug","message":"local passport.deserializeUser()","timestamp":"2015-05-15T16:39:37.712Z"}
{"level":"debug","message":"t_id : 7","timestamp":"2015-05-15T16:39:37.855Z"}
{"level":"debug","message":"rows===================> : [object Object]","timestamp":"2015-05-15T16:39:37.899Z"}
{"t_id":7,"t_email":"qwer4@naver.com","t_name":"qwer4","t_hp":"010-7777-7777","t_birth":"1999-12-31T15:00:00.000Z","t_fb_link":"","t_thumbnail":"https://s3-ap-northeast-1.amazonaws.com/treetree/image/profile/upload_70d91ba5a39f9ffedbda8e7f09c37a67.PNG","t_fb_token":null,"t_fb_id":null,"level":"debug","message":"local passport.deserializeUser()","timestamp":"2015-05-15T16:39:37.900Z"}
{"level":"debug","message":"t_id : 7","timestamp":"2015-05-15T16:39:46.573Z"}
{"level":"debug","message":"rows===================> : [object Object]","timestamp":"2015-05-15T16:39:46.617Z"}
{"t_id":7,"t_email":"qwer4@naver.com","t_name":"qwer4","t_hp":"010-7777-7777","t_birth":"1999-12-31T15:00:00.000Z","t_fb_link":"","t_thumbnail":"https://s3-ap-northeast-1.amazonaws.com/treetree/image/profile/upload_70d91ba5a39f9ffedbda8e7f09c37a67.PNG","t_fb_token":null,"t_fb_id":null,"level":"debug","message":"local passport.deserializeUser()","timestamp":"2015-05-15T16:39:46.617Z"}
{"level":"debug","message":"t_id : 7","timestamp":"2015-05-15T16:39:47.336Z"}
{"level":"debug","message":"t_id : 7","timestamp":"2015-05-15T16:39:47.341Z"}
{"level":"debug","message":"t_id : 7","timestamp":"2015-05-15T16:39:47.342Z"}
{"level":"debug","message":"t_id : 7","timestamp":"2015-05-15T16:39:47.343Z"}
{"level":"debug","message":"t_id : 7","timestamp":"2015-05-15T16:39:47.344Z"}
{"level":"debug","message":"t_id : 7","timestamp":"2015-05-15T16:39:47.348Z"}
{"level":"debug","message":"rows===================> : [object Object]","timestamp":"2015-05-15T16:39:47.380Z"}
{"t_id":7,"t_email":"qwer4@naver.com","t_name":"qwer4","t_hp":"010-7777-7777","t_birth":"1999-12-31T15:00:00.000Z","t_fb_link":"","t_thumbnail":"https://s3-ap-northeast-1.amazonaws.com/treetree/image/profile/upload_70d91ba5a39f9ffedbda8e7f09c37a67.PNG","t_fb_token":null,"t_fb_id":null,"level":"debug","message":"local passport.deserializeUser()","timestamp":"2015-05-15T16:39:47.380Z"}
{"level":"debug","message":"rows===================> : [object Object]","timestamp":"2015-05-15T16:39:47.388Z"}
{"t_id":7,"t_email":"qwer4@naver.com","t_name":"qwer4","t_hp":"010-7777-7777","t_birth":"1999-12-31T15:00:00.000Z","t_fb_link":"","t_thumbnail":"https://s3-ap-northeast-1.amazonaws.com/treetree/image/profile/upload_70d91ba5a39f9ffedbda8e7f09c37a67.PNG","t_fb_token":null,"t_fb_id":null,"level":"debug","message":"local passport.deserializeUser()","timestamp":"2015-05-15T16:39:47.388Z"}
{"level":"debug","message":"rows===================> : [object Object]","timestamp":"2015-05-15T16:39:47.394Z"}
{"t_id":7,"t_email":"qwer4@naver.com","t_name":"qwer4","t_hp":"010-7777-7777","t_birth":"1999-12-31T15:00:00.000Z","t_fb_link":"","t_thumbnail":"https://s3-ap-northeast-1.amazonaws.com/treetree/image/profile/upload_70d91ba5a39f9ffedbda8e7f09c37a67.PNG","t_fb_token":null,"t_fb_id":null,"level":"debug","message":"local passport.deserializeUser()","timestamp":"2015-05-15T16:39:47.394Z"}
{"level":"debug","message":"rows===================> : [object Object]","timestamp":"2015-05-15T16:39:47.401Z"}
{"t_id":7,"t_email":"qwer4@naver.com","t_name":"qwer4","t_hp":"010-7777-7777","t_birth":"1999-12-31T15:00:00.000Z","t_fb_link":"","t_thumbnail":"https://s3-ap-northeast-1.amazonaws.com/treetree/image/profile/upload_70d91ba5a39f9ffedbda8e7f09c37a67.PNG","t_fb_token":null,"t_fb_id":null,"level":"debug","message":"local passport.deserializeUser()","timestamp":"2015-05-15T16:39:47.402Z"}
{"level":"debug","message":"rows===================> : [object Object]","timestamp":"2015-05-15T16:39:47.409Z"}
{"t_id":7,"t_email":"qwer4@naver.com","t_name":"qwer4","t_hp":"010-7777-7777","t_birth":"1999-12-31T15:00:00.000Z","t_fb_link":"","t_thumbnail":"https://s3-ap-northeast-1.amazonaws.com/treetree/image/profile/upload_70d91ba5a39f9ffedbda8e7f09c37a67.PNG","t_fb_token":null,"t_fb_id":null,"level":"debug","message":"local passport.deserializeUser()","timestamp":"2015-05-15T16:39:47.409Z"}
{"level":"debug","message":"rows===================> : [object Object]","timestamp":"2015-05-15T16:39:47.412Z"}
{"t_id":7,"t_email":"qwer4@naver.com","t_name":"qwer4","t_hp":"010-7777-7777","t_birth":"1999-12-31T15:00:00.000Z","t_fb_link":"","t_thumbnail":"https://s3-ap-northeast-1.amazonaws.com/treetree/image/profile/upload_70d91ba5a39f9ffedbda8e7f09c37a67.PNG","t_fb_token":null,"t_fb_id":null,"level":"debug","message":"local passport.deserializeUser()","timestamp":"2015-05-15T16:39:47.412Z"}
{"level":"debug","message":"t_id : 7","timestamp":"2015-05-15T16:39:47.589Z"}
{"level":"debug","message":"t_id : 7","timestamp":"2015-05-15T16:39:47.600Z"}
{"level":"debug","message":"rows===================> : [object Object]","timestamp":"2015-05-15T16:39:47.637Z"}
{"t_id":7,"t_email":"qwer4@naver.com","t_name":"qwer4","t_hp":"010-7777-7777","t_birth":"1999-12-31T15:00:00.000Z","t_fb_link":"","t_thumbnail":"https://s3-ap-northeast-1.amazonaws.com/treetree/image/profile/upload_70d91ba5a39f9ffedbda8e7f09c37a67.PNG","t_fb_token":null,"t_fb_id":null,"level":"debug","message":"local passport.deserializeUser()","timestamp":"2015-05-15T16:39:47.637Z"}
{"level":"debug","message":"rows===================> : [object Object]","timestamp":"2015-05-15T16:39:47.643Z"}
{"t_id":7,"t_email":"qwer4@naver.com","t_name":"qwer4","t_hp":"010-7777-7777","t_birth":"1999-12-31T15:00:00.000Z","t_fb_link":"","t_thumbnail":"https://s3-ap-northeast-1.amazonaws.com/treetree/image/profile/upload_70d91ba5a39f9ffedbda8e7f09c37a67.PNG","t_fb_token":null,"t_fb_id":null,"level":"debug","message":"local passport.deserializeUser()","timestamp":"2015-05-15T16:39:47.644Z"}
{"level":"debug","message":"t_id : 7","timestamp":"2015-05-15T16:39:49.964Z"}
{"level":"debug","message":"rows===================> : [object Object]","timestamp":"2015-05-15T16:39:50.007Z"}
{"t_id":7,"t_email":"qwer4@naver.com","t_name":"qwer4","t_hp":"010-7777-7777","t_birth":"1999-12-31T15:00:00.000Z","t_fb_link":"","t_thumbnail":"https://s3-ap-northeast-1.amazonaws.com/treetree/image/profile/upload_70d91ba5a39f9ffedbda8e7f09c37a67.PNG","t_fb_token":null,"t_fb_id":null,"level":"debug","message":"local passport.deserializeUser()","timestamp":"2015-05-15T16:39:50.007Z"}
{"level":"debug","message":"req.isAuthenticated() ====> true","timestamp":"2015-05-15T16:39:50.008Z"}
{"level":"debug","message":"t_id : 7","timestamp":"2015-05-15T16:39:50.841Z"}
{"level":"debug","message":"t_id : 7","timestamp":"2015-05-15T16:39:50.846Z"}
{"level":"debug","message":"t_id : 7","timestamp":"2015-05-15T16:39:50.848Z"}
{"level":"debug","message":"t_id : 7","timestamp":"2015-05-15T16:39:50.850Z"}
{"level":"debug","message":"t_id : 7","timestamp":"2015-05-15T16:39:50.851Z"}
{"level":"debug","message":"t_id : 7","timestamp":"2015-05-15T16:39:50.853Z"}
{"level":"debug","message":"rows===================> : [object Object]","timestamp":"2015-05-15T16:39:50.887Z"}
{"t_id":7,"t_email":"qwer4@naver.com","t_name":"qwer4","t_hp":"010-7777-7777","t_birth":"1999-12-31T15:00:00.000Z","t_fb_link":"","t_thumbnail":"https://s3-ap-northeast-1.amazonaws.com/treetree/image/profile/upload_70d91ba5a39f9ffedbda8e7f09c37a67.PNG","t_fb_token":null,"t_fb_id":null,"level":"debug","message":"local passport.deserializeUser()","timestamp":"2015-05-15T16:39:50.888Z"}
{"level":"debug","message":"rows===================> : [object Object]","timestamp":"2015-05-15T16:39:50.892Z"}
{"t_id":7,"t_email":"qwer4@naver.com","t_name":"qwer4","t_hp":"010-7777-7777","t_birth":"1999-12-31T15:00:00.000Z","t_fb_link":"","t_thumbnail":"https://s3-ap-northeast-1.amazonaws.com/treetree/image/profile/upload_70d91ba5a39f9ffedbda8e7f09c37a67.PNG","t_fb_token":null,"t_fb_id":null,"level":"debug","message":"local passport.deserializeUser()","timestamp":"2015-05-15T16:39:50.892Z"}
{"level":"debug","message":"rows===================> : [object Object]","timestamp":"2015-05-15T16:39:50.903Z"}
{"t_id":7,"t_email":"qwer4@naver.com","t_name":"qwer4","t_hp":"010-7777-7777","t_birth":"1999-12-31T15:00:00.000Z","t_fb_link":"","t_thumbnail":"https://s3-ap-northeast-1.amazonaws.com/treetree/image/profile/upload_70d91ba5a39f9ffedbda8e7f09c37a67.PNG","t_fb_token":null,"t_fb_id":null,"level":"debug","message":"local passport.deserializeUser()","timestamp":"2015-05-15T16:39:50.903Z"}
{"level":"debug","message":"rows===================> : [object Object]","timestamp":"2015-05-15T16:39:50.906Z"}
{"t_id":7,"t_email":"qwer4@naver.com","t_name":"qwer4","t_hp":"010-7777-7777","t_birth":"1999-12-31T15:00:00.000Z","t_fb_link":"","t_thumbnail":"https://s3-ap-northeast-1.amazonaws.com/treetree/image/profile/upload_70d91ba5a39f9ffedbda8e7f09c37a67.PNG","t_fb_token":null,"t_fb_id":null,"level":"debug","message":"local passport.deserializeUser()","timestamp":"2015-05-15T16:39:50.906Z"}
{"level":"debug","message":"rows===================> : [object Object]","timestamp":"2015-05-15T16:39:50.915Z"}
{"t_id":7,"t_email":"qwer4@naver.com","t_name":"qwer4","t_hp":"010-7777-7777","t_birth":"1999-12-31T15:00:00.000Z","t_fb_link":"","t_thumbnail":"https://s3-ap-northeast-1.amazonaws.com/treetree/image/profile/upload_70d91ba5a39f9ffedbda8e7f09c37a67.PNG","t_fb_token":null,"t_fb_id":null,"level":"debug","message":"local passport.deserializeUser()","timestamp":"2015-05-15T16:39:50.915Z"}
{"level":"debug","message":"rows===================> : [object Object]","timestamp":"2015-05-15T16:39:50.920Z"}
{"t_id":7,"t_email":"qwer4@naver.com","t_name":"qwer4","t_hp":"010-7777-7777","t_birth":"1999-12-31T15:00:00.000Z","t_fb_link":"","t_thumbnail":"https://s3-ap-northeast-1.amazonaws.com/treetree/image/profile/upload_70d91ba5a39f9ffedbda8e7f09c37a67.PNG","t_fb_token":null,"t_fb_id":null,"level":"debug","message":"local passport.deserializeUser()","timestamp":"2015-05-15T16:39:50.921Z"}
{"level":"debug","message":"t_id : 7","timestamp":"2015-05-15T16:39:51.090Z"}
{"level":"debug","message":"t_id : 7","timestamp":"2015-05-15T16:39:51.102Z"}
{"level":"debug","message":"t_id : 7","timestamp":"2015-05-15T16:39:51.130Z"}
{"level":"debug","message":"rows===================> : [object Object]","timestamp":"2015-05-15T16:39:51.139Z"}
{"t_id":7,"t_email":"qwer4@naver.com","t_name":"qwer4","t_hp":"010-7777-7777","t_birth":"1999-12-31T15:00:00.000Z","t_fb_link":"","t_thumbnail":"https://s3-ap-northeast-1.amazonaws.com/treetree/image/profile/upload_70d91ba5a39f9ffedbda8e7f09c37a67.PNG","t_fb_token":null,"t_fb_id":null,"level":"debug","message":"local passport.deserializeUser()","timestamp":"2015-05-15T16:39:51.142Z"}
{"level":"debug","message":"rows===================> : [object Object]","timestamp":"2015-05-15T16:39:51.152Z"}
{"t_id":7,"t_email":"qwer4@naver.com","t_name":"qwer4","t_hp":"010-7777-7777","t_birth":"1999-12-31T15:00:00.000Z","t_fb_link":"","t_thumbnail":"https://s3-ap-northeast-1.amazonaws.com/treetree/image/profile/upload_70d91ba5a39f9ffedbda8e7f09c37a67.PNG","t_fb_token":null,"t_fb_id":null,"level":"debug","message":"local passport.deserializeUser()","timestamp":"2015-05-15T16:39:51.152Z"}
{"level":"debug","message":"t_id : 7","timestamp":"2015-05-15T16:39:51.162Z"}
{"level":"debug","message":"t_id : 7","timestamp":"2015-05-15T16:39:51.164Z"}
{"level":"debug","message":"rows===================> : [object Object]","timestamp":"2015-05-15T16:39:51.175Z"}
{"t_id":7,"t_email":"qwer4@naver.com","t_name":"qwer4","t_hp":"010-7777-7777","t_birth":"1999-12-31T15:00:00.000Z","t_fb_link":"","t_thumbnail":"https://s3-ap-northeast-1.amazonaws.com/treetree/image/profile/upload_70d91ba5a39f9ffedbda8e7f09c37a67.PNG","t_fb_token":null,"t_fb_id":null,"level":"debug","message":"local passport.deserializeUser()","timestamp":"2015-05-15T16:39:51.175Z"}
{"level":"debug","message":"rows===================> : [object Object]","timestamp":"2015-05-15T16:39:51.204Z"}
{"t_id":7,"t_email":"qwer4@naver.com","t_name":"qwer4","t_hp":"010-7777-7777","t_birth":"1999-12-31T15:00:00.000Z","t_fb_link":"","t_thumbnail":"https://s3-ap-northeast-1.amazonaws.com/treetree/image/profile/upload_70d91ba5a39f9ffedbda8e7f09c37a67.PNG","t_fb_token":null,"t_fb_id":null,"level":"debug","message":"local passport.deserializeUser()","timestamp":"2015-05-15T16:39:51.204Z"}
{"level":"debug","message":"rows===================> : [object Object]","timestamp":"2015-05-15T16:39:51.215Z"}
{"t_id":7,"t_email":"qwer4@naver.com","t_name":"qwer4","t_hp":"010-7777-7777","t_birth":"1999-12-31T15:00:00.000Z","t_fb_link":"","t_thumbnail":"https://s3-ap-northeast-1.amazonaws.com/treetree/image/profile/upload_70d91ba5a39f9ffedbda8e7f09c37a67.PNG","t_fb_token":null,"t_fb_id":null,"level":"debug","message":"local passport.deserializeUser()","timestamp":"2015-05-15T16:39:51.215Z"}
{"level":"debug","message":"rows===================> : [object Object]","timestamp":"2015-05-15T16:39:02.188Z"}
{"t_id":7,"t_email":"qwer4@naver.com","t_name":"qwer4","t_hp":"010-7777-7777","t_birth":"1999-12-31T15:00:00.000Z","t_fb_link":"","t_thumbnail":"https://s3-ap-northeast-1.amazonaws.com/treetree/image/profile/upload_70d91ba5a39f9ffedbda8e7f09c37a67.PNG","t_fb_token":null,"t_fb_id":null,"level":"debug","message":"local passport.deserializeUser()","timestamp":"2015-05-15T16:39:02.188Z"}
{"level":"debug","message":"req.isAuthenticated() ====> true","timestamp":"2015-05-15T16:39:02.191Z"}
{"level":"debug","message":"t_id : 7","timestamp":"2015-05-15T16:43:42.209Z"}
{"level":"debug","message":"rows===================> : [object Object]","timestamp":"2015-05-15T16:43:42.254Z"}
{"t_id":7,"t_email":"qwer4@naver.com","t_name":"qwer4","t_hp":"010-7777-7777","t_birth":"1999-12-31T15:00:00.000Z","t_fb_link":"","t_thumbnail":"https://s3-ap-northeast-1.amazonaws.com/treetree/image/profile/upload_70d91ba5a39f9ffedbda8e7f09c37a67.PNG","t_fb_token":null,"t_fb_id":null,"level":"debug","message":"local passport.deserializeUser()","timestamp":"2015-05-15T16:43:42.254Z"}
{"level":"debug","message":"req.isAuthenticated() ====> true","timestamp":"2015-05-15T16:43:42.256Z"}
{"level":"debug","message":"t_id : 7","timestamp":"2015-05-15T16:43:43.217Z"}
{"level":"debug","message":"t_id : 7","timestamp":"2015-05-15T16:43:43.226Z"}
{"level":"debug","message":"t_id : 7","timestamp":"2015-05-15T16:43:43.227Z"}
{"level":"debug","message":"t_id : 7","timestamp":"2015-05-15T16:43:43.228Z"}
{"level":"debug","message":"t_id : 7","timestamp":"2015-05-15T16:43:43.231Z"}
{"level":"debug","message":"t_id : 7","timestamp":"2015-05-15T16:43:43.232Z"}
{"level":"debug","message":"rows===================> : [object Object]","timestamp":"2015-05-15T16:43:43.261Z"}
{"t_id":7,"t_email":"qwer4@naver.com","t_name":"qwer4","t_hp":"010-7777-7777","t_birth":"1999-12-31T15:00:00.000Z","t_fb_link":"","t_thumbnail":"https://s3-ap-northeast-1.amazonaws.com/treetree/image/profile/upload_70d91ba5a39f9ffedbda8e7f09c37a67.PNG","t_fb_token":null,"t_fb_id":null,"level":"debug","message":"local passport.deserializeUser()","timestamp":"2015-05-15T16:43:43.261Z"}
{"level":"debug","message":"rows===================> : [object Object]","timestamp":"2015-05-15T16:43:43.270Z"}
{"t_id":7,"t_email":"qwer4@naver.com","t_name":"qwer4","t_hp":"010-7777-7777","t_birth":"1999-12-31T15:00:00.000Z","t_fb_link":"","t_thumbnail":"https://s3-ap-northeast-1.amazonaws.com/treetree/image/profile/upload_70d91ba5a39f9ffedbda8e7f09c37a67.PNG","t_fb_token":null,"t_fb_id":null,"level":"debug","message":"local passport.deserializeUser()","timestamp":"2015-05-15T16:43:43.270Z"}
{"level":"debug","message":"rows===================> : [object Object]","timestamp":"2015-05-15T16:43:43.275Z"}
{"t_id":7,"t_email":"qwer4@naver.com","t_name":"qwer4","t_hp":"010-7777-7777","t_birth":"1999-12-31T15:00:00.000Z","t_fb_link":"","t_thumbnail":"https://s3-ap-northeast-1.amazonaws.com/treetree/image/profile/upload_70d91ba5a39f9ffedbda8e7f09c37a67.PNG","t_fb_token":null,"t_fb_id":null,"level":"debug","message":"local passport.deserializeUser()","timestamp":"2015-05-15T16:43:43.276Z"}
{"level":"debug","message":"rows===================> : [object Object]","timestamp":"2015-05-15T16:43:43.282Z"}
{"t_id":7,"t_email":"qwer4@naver.com","t_name":"qwer4","t_hp":"010-7777-7777","t_birth":"1999-12-31T15:00:00.000Z","t_fb_link":"","t_thumbnail":"https://s3-ap-northeast-1.amazonaws.com/treetree/image/profile/upload_70d91ba5a39f9ffedbda8e7f09c37a67.PNG","t_fb_token":null,"t_fb_id":null,"level":"debug","message":"local passport.deserializeUser()","timestamp":"2015-05-15T16:43:43.285Z"}
{"level":"debug","message":"rows===================> : [object Object]","timestamp":"2015-05-15T16:43:43.292Z"}
{"t_id":7,"t_email":"qwer4@naver.com","t_name":"qwer4","t_hp":"010-7777-7777","t_birth":"1999-12-31T15:00:00.000Z","t_fb_link":"","t_thumbnail":"https://s3-ap-northeast-1.amazonaws.com/treetree/image/profile/upload_70d91ba5a39f9ffedbda8e7f09c37a67.PNG","t_fb_token":null,"t_fb_id":null,"level":"debug","message":"local passport.deserializeUser()","timestamp":"2015-05-15T16:43:43.293Z"}
{"level":"debug","message":"rows===================> : [object Object]","timestamp":"2015-05-15T16:43:43.300Z"}
{"t_id":7,"t_email":"qwer4@naver.com","t_name":"qwer4","t_hp":"010-7777-7777","t_birth":"1999-12-31T15:00:00.000Z","t_fb_link":"","t_thumbnail":"https://s3-ap-northeast-1.amazonaws.com/treetree/image/profile/upload_70d91ba5a39f9ffedbda8e7f09c37a67.PNG","t_fb_token":null,"t_fb_id":null,"level":"debug","message":"local passport.deserializeUser()","timestamp":"2015-05-15T16:43:43.301Z"}
{"level":"debug","message":"t_id : 7","timestamp":"2015-05-15T16:43:43.491Z"}
{"level":"debug","message":"t_id : 7","timestamp":"2015-05-15T16:43:43.493Z"}
{"level":"debug","message":"t_id : 7","timestamp":"2015-05-15T16:43:43.497Z"}
{"level":"debug","message":"rows===================> : [object Object]","timestamp":"2015-05-15T16:43:43.539Z"}
{"t_id":7,"t_email":"qwer4@naver.com","t_name":"qwer4","t_hp":"010-7777-7777","t_birth":"1999-12-31T15:00:00.000Z","t_fb_link":"","t_thumbnail":"https://s3-ap-northeast-1.amazonaws.com/treetree/image/profile/upload_70d91ba5a39f9ffedbda8e7f09c37a67.PNG","t_fb_token":null,"t_fb_id":null,"level":"debug","message":"local passport.deserializeUser()","timestamp":"2015-05-15T16:43:43.539Z"}
{"level":"debug","message":"rows===================> : [object Object]","timestamp":"2015-05-15T16:43:43.566Z"}
{"t_id":7,"t_email":"qwer4@naver.com","t_name":"qwer4","t_hp":"010-7777-7777","t_birth":"1999-12-31T15:00:00.000Z","t_fb_link":"","t_thumbnail":"https://s3-ap-northeast-1.amazonaws.com/treetree/image/profile/upload_70d91ba5a39f9ffedbda8e7f09c37a67.PNG","t_fb_token":null,"t_fb_id":null,"level":"debug","message":"local passport.deserializeUser()","timestamp":"2015-05-15T16:43:43.567Z"}
{"level":"debug","message":"rows===================> : [object Object]","timestamp":"2015-05-15T16:43:43.585Z"}
{"t_id":7,"t_email":"qwer4@naver.com","t_name":"qwer4","t_hp":"010-7777-7777","t_birth":"1999-12-31T15:00:00.000Z","t_fb_link":"","t_thumbnail":"https://s3-ap-northeast-1.amazonaws.com/treetree/image/profile/upload_70d91ba5a39f9ffedbda8e7f09c37a67.PNG","t_fb_token":null,"t_fb_id":null,"level":"debug","message":"local passport.deserializeUser()","timestamp":"2015-05-15T16:43:43.585Z"}
{"level":"debug","message":"t_id : 7","timestamp":"2015-05-15T16:43:43.619Z"}
{"level":"debug","message":"t_id : 7","timestamp":"2015-05-15T16:43:43.652Z"}
{"level":"debug","message":"rows===================> : [object Object]","timestamp":"2015-05-15T16:43:43.665Z"}
{"t_id":7,"t_email":"qwer4@naver.com","t_name":"qwer4","t_hp":"010-7777-7777","t_birth":"1999-12-31T15:00:00.000Z","t_fb_link":"","t_thumbnail":"https://s3-ap-northeast-1.amazonaws.com/treetree/image/profile/upload_70d91ba5a39f9ffedbda8e7f09c37a67.PNG","t_fb_token":null,"t_fb_id":null,"level":"debug","message":"local passport.deserializeUser()","timestamp":"2015-05-15T16:43:43.665Z"}
{"level":"debug","message":"rows===================> : [object Object]","timestamp":"2015-05-15T16:43:43.711Z"}
{"t_id":7,"t_email":"qwer4@naver.com","t_name":"qwer4","t_hp":"010-7777-7777","t_birth":"1999-12-31T15:00:00.000Z","t_fb_link":"","t_thumbnail":"https://s3-ap-northeast-1.amazonaws.com/treetree/image/profile/upload_70d91ba5a39f9ffedbda8e7f09c37a67.PNG","t_fb_token":null,"t_fb_id":null,"level":"debug","message":"local passport.deserializeUser()","timestamp":"2015-05-15T16:43:43.738Z"}
{"level":"debug","message":"t_id : 7","timestamp":"2015-05-15T16:43:45.248Z"}
{"level":"debug","message":"rows===================> : [object Object]","timestamp":"2015-05-15T16:43:45.294Z"}
{"t_id":7,"t_email":"qwer4@naver.com","t_name":"qwer4","t_hp":"010-7777-7777","t_birth":"1999-12-31T15:00:00.000Z","t_fb_link":"","t_thumbnail":"https://s3-ap-northeast-1.amazonaws.com/treetree/image/profile/upload_70d91ba5a39f9ffedbda8e7f09c37a67.PNG","t_fb_token":null,"t_fb_id":null,"level":"debug","message":"local passport.deserializeUser()","timestamp":"2015-05-15T16:43:45.294Z"}
