{"level":"debug","message":"logged out ========================>homeLoggedOut","timestamp":"2015-04-07T16:07:33.534Z"}
{"t_id":1,"t_email":"dy626@naver.com","t_name":"다운 임","t_hp":"010-2222-2222","t_birth":"1989-12-31T15:00:00.000Z","t_fb_link":null,"t_thumbnail":"https://graph.facebook.com/v2.1/me/picture?access_token=CAALZAQL8NOWkBAAR12PCo64MisPTYH75g9xsBe2EZA0spH7uedMI4iiu6m6UHA0jtodmqZB3Jg9CvPqWVUG0E1jgTZCq2dbeP032v6kbZCPzuyoRURPuZB1ywyZBU3FOweZA3DlNZBYyc7BXduDQXRvTsvEiJ7lZCpZBhZBUdb3byKwyUiPfcoVfSt8YPQwSB10kYLZBDZACbJAKsV9ZCQNxM0fId0z","t_fb_token":"CAALZAQL8NOWkBAAR12PCo64MisPTYH75g9xsBe2EZA0spH7uedMI4iiu6m6UHA0jtodmqZB3Jg9CvPqWVUG0E1jgTZCq2dbeP032v6kbZCPzuyoRURPuZB1ywyZBU3FOweZA3DlNZBYyc7BXduDQXRvTsvEiJ7lZCpZBhZBUdb3byKwyUiPfcoVfSt8YPQwSB10kYLZBDZACbJAKsV9ZCQNxM0fId0z","t_fb_id":"553103614822990","level":"debug","message":"passport.serializeUser()","timestamp":"2015-04-07T16:07:42.782Z"}
{"level":"debug","message":"passport.serializeUser() t_id :  1","timestamp":"2015-04-07T16:07:42.783Z"}
{"level":"debug","message":"passport.serializeUser() id :  undefined","timestamp":"2015-04-07T16:07:42.786Z"}
{"level":"debug","message":"t_id : 1","timestamp":"2015-04-07T16:07:42.918Z"}
{"level":"debug","message":"rows===================> : [object Object]","timestamp":"2015-04-07T16:07:42.962Z"}
{"t_id":1,"t_email":"dy626@naver.com","t_name":"다운 임","t_hp":"010-2222-2222","t_birth":"1989-12-31T15:00:00.000Z","t_fb_link":null,"t_thumbnail":"https://graph.facebook.com/v2.1/me/picture?access_token=CAALZAQL8NOWkBAIUKuVcGq4wE2VFkMZBXukJP3cnAdRhUZAcwBJ4YQPSGArT1adxGelCZCVRh6ZBZAV9zOupPe7DX9729vrm4YGd6y5lb72KMGViJhxsKgP8BAbitN8r72oaSvqcb0ZAkyNiR6mVaWBlwMYu1xY0ECRkkQ4inP6PsHD9dCQJzxUWjYXPWjLBAZBZBcQ3qDAVuLPEzOuibvJvt","t_fb_token":"CAALZAQL8NOWkBAIUKuVcGq4wE2VFkMZBXukJP3cnAdRhUZAcwBJ4YQPSGArT1adxGelCZCVRh6ZBZAV9zOupPe7DX9729vrm4YGd6y5lb72KMGViJhxsKgP8BAbitN8r72oaSvqcb0ZAkyNiR6mVaWBlwMYu1xY0ECRkkQ4inP6PsHD9dCQJzxUWjYXPWjLBAZBZBcQ3qDAVuLPEzOuibvJvt","t_fb_id":"553103614822990","level":"debug","message":"local passport.deserializeUser()","timestamp":"2015-04-07T16:07:42.962Z"}
{"level":"debug","message":"logged in ========================>homeLoggedIn","timestamp":"2015-04-07T16:07:42.964Z"}
{"level":"debug","message":"t_id : 1","timestamp":"2015-04-07T16:07:43.254Z"}
{"level":"debug","message":"rows===================> : [object Object]","timestamp":"2015-04-07T16:07:43.300Z"}
{"t_id":1,"t_email":"dy626@naver.com","t_name":"다운 임","t_hp":"010-2222-2222","t_birth":"1989-12-31T15:00:00.000Z","t_fb_link":null,"t_thumbnail":"https://graph.facebook.com/v2.1/me/picture?access_token=CAALZAQL8NOWkBAIUKuVcGq4wE2VFkMZBXukJP3cnAdRhUZAcwBJ4YQPSGArT1adxGelCZCVRh6ZBZAV9zOupPe7DX9729vrm4YGd6y5lb72KMGViJhxsKgP8BAbitN8r72oaSvqcb0ZAkyNiR6mVaWBlwMYu1xY0ECRkkQ4inP6PsHD9dCQJzxUWjYXPWjLBAZBZBcQ3qDAVuLPEzOuibvJvt","t_fb_token":"CAALZAQL8NOWkBAIUKuVcGq4wE2VFkMZBXukJP3cnAdRhUZAcwBJ4YQPSGArT1adxGelCZCVRh6ZBZAV9zOupPe7DX9729vrm4YGd6y5lb72KMGViJhxsKgP8BAbitN8r72oaSvqcb0ZAkyNiR6mVaWBlwMYu1xY0ECRkkQ4inP6PsHD9dCQJzxUWjYXPWjLBAZBZBcQ3qDAVuLPEzOuibvJvt","t_fb_id":"553103614822990","level":"debug","message":"local passport.deserializeUser()","timestamp":"2015-04-07T16:07:43.300Z"}
{"level":"debug","message":"t_id : 1","timestamp":"2015-04-07T16:07:43.343Z"}
{"level":"debug","message":"rows===================> : [object Object]","timestamp":"2015-04-07T16:07:43.391Z"}
{"t_id":1,"t_email":"dy626@naver.com","t_name":"다운 임","t_hp":"010-2222-2222","t_birth":"1989-12-31T15:00:00.000Z","t_fb_link":null,"t_thumbnail":"https://graph.facebook.com/v2.1/me/picture?access_token=CAALZAQL8NOWkBAIUKuVcGq4wE2VFkMZBXukJP3cnAdRhUZAcwBJ4YQPSGArT1adxGelCZCVRh6ZBZAV9zOupPe7DX9729vrm4YGd6y5lb72KMGViJhxsKgP8BAbitN8r72oaSvqcb0ZAkyNiR6mVaWBlwMYu1xY0ECRkkQ4inP6PsHD9dCQJzxUWjYXPWjLBAZBZBcQ3qDAVuLPEzOuibvJvt","t_fb_token":"CAALZAQL8NOWkBAIUKuVcGq4wE2VFkMZBXukJP3cnAdRhUZAcwBJ4YQPSGArT1adxGelCZCVRh6ZBZAV9zOupPe7DX9729vrm4YGd6y5lb72KMGViJhxsKgP8BAbitN8r72oaSvqcb0ZAkyNiR6mVaWBlwMYu1xY0ECRkkQ4inP6PsHD9dCQJzxUWjYXPWjLBAZBZBcQ3qDAVuLPEzOuibvJvt","t_fb_id":"553103614822990","level":"debug","message":"local passport.deserializeUser()","timestamp":"2015-04-07T16:07:43.391Z"}
{"level":"debug","message":"t_id : 1","timestamp":"2015-04-07T16:07:51.299Z"}
{"level":"debug","message":"rows===================> : [object Object]","timestamp":"2015-04-07T16:07:51.343Z"}
{"t_id":1,"t_email":"dy626@naver.com","t_name":"다운 임","t_hp":"010-2222-2222","t_birth":"1989-12-31T15:00:00.000Z","t_fb_link":null,"t_thumbnail":"https://graph.facebook.com/v2.1/me/picture?access_token=CAALZAQL8NOWkBAIUKuVcGq4wE2VFkMZBXukJP3cnAdRhUZAcwBJ4YQPSGArT1adxGelCZCVRh6ZBZAV9zOupPe7DX9729vrm4YGd6y5lb72KMGViJhxsKgP8BAbitN8r72oaSvqcb0ZAkyNiR6mVaWBlwMYu1xY0ECRkkQ4inP6PsHD9dCQJzxUWjYXPWjLBAZBZBcQ3qDAVuLPEzOuibvJvt","t_fb_token":"CAALZAQL8NOWkBAIUKuVcGq4wE2VFkMZBXukJP3cnAdRhUZAcwBJ4YQPSGArT1adxGelCZCVRh6ZBZAV9zOupPe7DX9729vrm4YGd6y5lb72KMGViJhxsKgP8BAbitN8r72oaSvqcb0ZAkyNiR6mVaWBlwMYu1xY0ECRkkQ4inP6PsHD9dCQJzxUWjYXPWjLBAZBZBcQ3qDAVuLPEzOuibvJvt","t_fb_id":"553103614822990","level":"debug","message":"local passport.deserializeUser()","timestamp":"2015-04-07T16:07:51.344Z"}
{"level":"debug","message":"t_id : 1","timestamp":"2015-04-07T16:07:51.648Z"}
{"level":"debug","message":"t_id : 1","timestamp":"2015-04-07T16:07:51.656Z"}
{"level":"debug","message":"rows===================> : [object Object]","timestamp":"2015-04-07T16:07:51.691Z"}
{"t_id":1,"t_email":"dy626@naver.com","t_name":"다운 임","t_hp":"010-2222-2222","t_birth":"1989-12-31T15:00:00.000Z","t_fb_link":null,"t_thumbnail":"https://graph.facebook.com/v2.1/me/picture?access_token=CAALZAQL8NOWkBAIUKuVcGq4wE2VFkMZBXukJP3cnAdRhUZAcwBJ4YQPSGArT1adxGelCZCVRh6ZBZAV9zOupPe7DX9729vrm4YGd6y5lb72KMGViJhxsKgP8BAbitN8r72oaSvqcb0ZAkyNiR6mVaWBlwMYu1xY0ECRkkQ4inP6PsHD9dCQJzxUWjYXPWjLBAZBZBcQ3qDAVuLPEzOuibvJvt","t_fb_token":"CAALZAQL8NOWkBAIUKuVcGq4wE2VFkMZBXukJP3cnAdRhUZAcwBJ4YQPSGArT1adxGelCZCVRh6ZBZAV9zOupPe7DX9729vrm4YGd6y5lb72KMGViJhxsKgP8BAbitN8r72oaSvqcb0ZAkyNiR6mVaWBlwMYu1xY0ECRkkQ4inP6PsHD9dCQJzxUWjYXPWjLBAZBZBcQ3qDAVuLPEzOuibvJvt","t_fb_id":"553103614822990","level":"debug","message":"local passport.deserializeUser()","timestamp":"2015-04-07T16:07:51.691Z"}
{"level":"debug","message":"rows===================> : [object Object]","timestamp":"2015-04-07T16:07:51.699Z"}
{"t_id":1,"t_email":"dy626@naver.com","t_name":"다운 임","t_hp":"010-2222-2222","t_birth":"1989-12-31T15:00:00.000Z","t_fb_link":null,"t_thumbnail":"https://graph.facebook.com/v2.1/me/picture?access_token=CAALZAQL8NOWkBAIUKuVcGq4wE2VFkMZBXukJP3cnAdRhUZAcwBJ4YQPSGArT1adxGelCZCVRh6ZBZAV9zOupPe7DX9729vrm4YGd6y5lb72KMGViJhxsKgP8BAbitN8r72oaSvqcb0ZAkyNiR6mVaWBlwMYu1xY0ECRkkQ4inP6PsHD9dCQJzxUWjYXPWjLBAZBZBcQ3qDAVuLPEzOuibvJvt","t_fb_token":"CAALZAQL8NOWkBAIUKuVcGq4wE2VFkMZBXukJP3cnAdRhUZAcwBJ4YQPSGArT1adxGelCZCVRh6ZBZAV9zOupPe7DX9729vrm4YGd6y5lb72KMGViJhxsKgP8BAbitN8r72oaSvqcb0ZAkyNiR6mVaWBlwMYu1xY0ECRkkQ4inP6PsHD9dCQJzxUWjYXPWjLBAZBZBcQ3qDAVuLPEzOuibvJvt","t_fb_id":"553103614822990","level":"debug","message":"local passport.deserializeUser()","timestamp":"2015-04-07T16:07:51.700Z"}
{"level":"debug","message":"t_id : 1","timestamp":"2015-04-07T16:07:51.938Z"}
{"level":"debug","message":"rows===================> : [object Object]","timestamp":"2015-04-07T16:07:51.983Z"}
{"t_id":1,"t_email":"dy626@naver.com","t_name":"다운 임","t_hp":"010-2222-2222","t_birth":"1989-12-31T15:00:00.000Z","t_fb_link":null,"t_thumbnail":"https://graph.facebook.com/v2.1/me/picture?access_token=CAALZAQL8NOWkBAIUKuVcGq4wE2VFkMZBXukJP3cnAdRhUZAcwBJ4YQPSGArT1adxGelCZCVRh6ZBZAV9zOupPe7DX9729vrm4YGd6y5lb72KMGViJhxsKgP8BAbitN8r72oaSvqcb0ZAkyNiR6mVaWBlwMYu1xY0ECRkkQ4inP6PsHD9dCQJzxUWjYXPWjLBAZBZBcQ3qDAVuLPEzOuibvJvt","t_fb_token":"CAALZAQL8NOWkBAIUKuVcGq4wE2VFkMZBXukJP3cnAdRhUZAcwBJ4YQPSGArT1adxGelCZCVRh6ZBZAV9zOupPe7DX9729vrm4YGd6y5lb72KMGViJhxsKgP8BAbitN8r72oaSvqcb0ZAkyNiR6mVaWBlwMYu1xY0ECRkkQ4inP6PsHD9dCQJzxUWjYXPWjLBAZBZBcQ3qDAVuLPEzOuibvJvt","t_fb_id":"553103614822990","level":"debug","message":"local passport.deserializeUser()","timestamp":"2015-04-07T16:07:51.983Z"}
{"level":"debug","message":"t_id : 1","timestamp":"2015-04-07T16:07:56.497Z"}
{"level":"debug","message":"rows===================> : [object Object]","timestamp":"2015-04-07T16:07:56.540Z"}
{"t_id":1,"t_email":"dy626@naver.com","t_name":"다운 임","t_hp":"010-2222-2222","t_birth":"1989-12-31T15:00:00.000Z","t_fb_link":null,"t_thumbnail":"https://graph.facebook.com/v2.1/me/picture?access_token=CAALZAQL8NOWkBAIUKuVcGq4wE2VFkMZBXukJP3cnAdRhUZAcwBJ4YQPSGArT1adxGelCZCVRh6ZBZAV9zOupPe7DX9729vrm4YGd6y5lb72KMGViJhxsKgP8BAbitN8r72oaSvqcb0ZAkyNiR6mVaWBlwMYu1xY0ECRkkQ4inP6PsHD9dCQJzxUWjYXPWjLBAZBZBcQ3qDAVuLPEzOuibvJvt","t_fb_token":"CAALZAQL8NOWkBAIUKuVcGq4wE2VFkMZBXukJP3cnAdRhUZAcwBJ4YQPSGArT1adxGelCZCVRh6ZBZAV9zOupPe7DX9729vrm4YGd6y5lb72KMGViJhxsKgP8BAbitN8r72oaSvqcb0ZAkyNiR6mVaWBlwMYu1xY0ECRkkQ4inP6PsHD9dCQJzxUWjYXPWjLBAZBZBcQ3qDAVuLPEzOuibvJvt","t_fb_id":"553103614822990","level":"debug","message":"local passport.deserializeUser()","timestamp":"2015-04-07T16:07:56.540Z"}
{"level":"debug","message":"req.isAuthenticated() ====> true","timestamp":"2015-04-07T16:07:56.543Z"}
{"level":"debug","message":"t_id : 1","timestamp":"2015-04-07T16:07:56.832Z"}
{"level":"debug","message":"t_id : 1","timestamp":"2015-04-07T16:07:56.832Z"}
{"level":"debug","message":"rows===================> : [object Object]","timestamp":"2015-04-07T16:07:56.874Z"}
{"t_id":1,"t_email":"dy626@naver.com","t_name":"다운 임","t_hp":"010-2222-2222","t_birth":"1989-12-31T15:00:00.000Z","t_fb_link":null,"t_thumbnail":"https://graph.facebook.com/v2.1/me/picture?access_token=CAALZAQL8NOWkBAIUKuVcGq4wE2VFkMZBXukJP3cnAdRhUZAcwBJ4YQPSGArT1adxGelCZCVRh6ZBZAV9zOupPe7DX9729vrm4YGd6y5lb72KMGViJhxsKgP8BAbitN8r72oaSvqcb0ZAkyNiR6mVaWBlwMYu1xY0ECRkkQ4inP6PsHD9dCQJzxUWjYXPWjLBAZBZBcQ3qDAVuLPEzOuibvJvt","t_fb_token":"CAALZAQL8NOWkBAIUKuVcGq4wE2VFkMZBXukJP3cnAdRhUZAcwBJ4YQPSGArT1adxGelCZCVRh6ZBZAV9zOupPe7DX9729vrm4YGd6y5lb72KMGViJhxsKgP8BAbitN8r72oaSvqcb0ZAkyNiR6mVaWBlwMYu1xY0ECRkkQ4inP6PsHD9dCQJzxUWjYXPWjLBAZBZBcQ3qDAVuLPEzOuibvJvt","t_fb_id":"553103614822990","level":"debug","message":"local passport.deserializeUser()","timestamp":"2015-04-07T16:07:56.875Z"}
{"level":"debug","message":"rows===================> : [object Object]","timestamp":"2015-04-07T16:07:56.879Z"}
{"t_id":1,"t_email":"dy626@naver.com","t_name":"다운 임","t_hp":"010-2222-2222","t_birth":"1989-12-31T15:00:00.000Z","t_fb_link":null,"t_thumbnail":"https://graph.facebook.com/v2.1/me/picture?access_token=CAALZAQL8NOWkBAIUKuVcGq4wE2VFkMZBXukJP3cnAdRhUZAcwBJ4YQPSGArT1adxGelCZCVRh6ZBZAV9zOupPe7DX9729vrm4YGd6y5lb72KMGViJhxsKgP8BAbitN8r72oaSvqcb0ZAkyNiR6mVaWBlwMYu1xY0ECRkkQ4inP6PsHD9dCQJzxUWjYXPWjLBAZBZBcQ3qDAVuLPEzOuibvJvt","t_fb_token":"CAALZAQL8NOWkBAIUKuVcGq4wE2VFkMZBXukJP3cnAdRhUZAcwBJ4YQPSGArT1adxGelCZCVRh6ZBZAV9zOupPe7DX9729vrm4YGd6y5lb72KMGViJhxsKgP8BAbitN8r72oaSvqcb0ZAkyNiR6mVaWBlwMYu1xY0ECRkkQ4inP6PsHD9dCQJzxUWjYXPWjLBAZBZBcQ3qDAVuLPEzOuibvJvt","t_fb_id":"553103614822990","level":"debug","message":"local passport.deserializeUser()","timestamp":"2015-04-07T16:07:56.879Z"}
{"level":"debug","message":"t_id : 1","timestamp":"2015-04-07T16:07:56.920Z"}
{"level":"debug","message":"t_id : 1","timestamp":"2015-04-07T16:07:56.921Z"}
{"level":"debug","message":"rows===================> : [object Object]","timestamp":"2015-04-07T16:07:56.964Z"}
{"t_id":1,"t_email":"dy626@naver.com","t_name":"다운 임","t_hp":"010-2222-2222","t_birth":"1989-12-31T15:00:00.000Z","t_fb_link":null,"t_thumbnail":"https://graph.facebook.com/v2.1/me/picture?access_token=CAALZAQL8NOWkBAIUKuVcGq4wE2VFkMZBXukJP3cnAdRhUZAcwBJ4YQPSGArT1adxGelCZCVRh6ZBZAV9zOupPe7DX9729vrm4YGd6y5lb72KMGViJhxsKgP8BAbitN8r72oaSvqcb0ZAkyNiR6mVaWBlwMYu1xY0ECRkkQ4inP6PsHD9dCQJzxUWjYXPWjLBAZBZBcQ3qDAVuLPEzOuibvJvt","t_fb_token":"CAALZAQL8NOWkBAIUKuVcGq4wE2VFkMZBXukJP3cnAdRhUZAcwBJ4YQPSGArT1adxGelCZCVRh6ZBZAV9zOupPe7DX9729vrm4YGd6y5lb72KMGViJhxsKgP8BAbitN8r72oaSvqcb0ZAkyNiR6mVaWBlwMYu1xY0ECRkkQ4inP6PsHD9dCQJzxUWjYXPWjLBAZBZBcQ3qDAVuLPEzOuibvJvt","t_fb_id":"553103614822990","level":"debug","message":"local passport.deserializeUser()","timestamp":"2015-04-07T16:07:56.965Z"}
{"level":"debug","message":"rows===================> : [object Object]","timestamp":"2015-04-07T16:07:56.968Z"}
{"t_id":1,"t_email":"dy626@naver.com","t_name":"다운 임","t_hp":"010-2222-2222","t_birth":"1989-12-31T15:00:00.000Z","t_fb_link":null,"t_thumbnail":"https://graph.facebook.com/v2.1/me/picture?access_token=CAALZAQL8NOWkBAIUKuVcGq4wE2VFkMZBXukJP3cnAdRhUZAcwBJ4YQPSGArT1adxGelCZCVRh6ZBZAV9zOupPe7DX9729vrm4YGd6y5lb72KMGViJhxsKgP8BAbitN8r72oaSvqcb0ZAkyNiR6mVaWBlwMYu1xY0ECRkkQ4inP6PsHD9dCQJzxUWjYXPWjLBAZBZBcQ3qDAVuLPEzOuibvJvt","t_fb_token":"CAALZAQL8NOWkBAIUKuVcGq4wE2VFkMZBXukJP3cnAdRhUZAcwBJ4YQPSGArT1adxGelCZCVRh6ZBZAV9zOupPe7DX9729vrm4YGd6y5lb72KMGViJhxsKgP8BAbitN8r72oaSvqcb0ZAkyNiR6mVaWBlwMYu1xY0ECRkkQ4inP6PsHD9dCQJzxUWjYXPWjLBAZBZBcQ3qDAVuLPEzOuibvJvt","t_fb_id":"553103614822990","level":"debug","message":"local passport.deserializeUser()","timestamp":"2015-04-07T16:07:56.968Z"}
{"level":"debug","message":"t_id : 1","timestamp":"2015-04-07T16:07:57.011Z"}
{"level":"debug","message":"t_id : 1","timestamp":"2015-04-07T16:07:57.017Z"}
{"level":"debug","message":"rows===================> : [object Object]","timestamp":"2015-04-07T16:07:57.056Z"}
{"t_id":1,"t_email":"dy626@naver.com","t_name":"다운 임","t_hp":"010-2222-2222","t_birth":"1989-12-31T15:00:00.000Z","t_fb_link":null,"t_thumbnail":"https://graph.facebook.com/v2.1/me/picture?access_token=CAALZAQL8NOWkBAIUKuVcGq4wE2VFkMZBXukJP3cnAdRhUZAcwBJ4YQPSGArT1adxGelCZCVRh6ZBZAV9zOupPe7DX9729vrm4YGd6y5lb72KMGViJhxsKgP8BAbitN8r72oaSvqcb0ZAkyNiR6mVaWBlwMYu1xY0ECRkkQ4inP6PsHD9dCQJzxUWjYXPWjLBAZBZBcQ3qDAVuLPEzOuibvJvt","t_fb_token":"CAALZAQL8NOWkBAIUKuVcGq4wE2VFkMZBXukJP3cnAdRhUZAcwBJ4YQPSGArT1adxGelCZCVRh6ZBZAV9zOupPe7DX9729vrm4YGd6y5lb72KMGViJhxsKgP8BAbitN8r72oaSvqcb0ZAkyNiR6mVaWBlwMYu1xY0ECRkkQ4inP6PsHD9dCQJzxUWjYXPWjLBAZBZBcQ3qDAVuLPEzOuibvJvt","t_fb_id":"553103614822990","level":"debug","message":"local passport.deserializeUser()","timestamp":"2015-04-07T16:07:57.057Z"}
{"level":"debug","message":"rows===================> : [object Object]","timestamp":"2015-04-07T16:07:57.064Z"}
{"t_id":1,"t_email":"dy626@naver.com","t_name":"다운 임","t_hp":"010-2222-2222","t_birth":"1989-12-31T15:00:00.000Z","t_fb_link":null,"t_thumbnail":"https://graph.facebook.com/v2.1/me/picture?access_token=CAALZAQL8NOWkBAIUKuVcGq4wE2VFkMZBXukJP3cnAdRhUZAcwBJ4YQPSGArT1adxGelCZCVRh6ZBZAV9zOupPe7DX9729vrm4YGd6y5lb72KMGViJhxsKgP8BAbitN8r72oaSvqcb0ZAkyNiR6mVaWBlwMYu1xY0ECRkkQ4inP6PsHD9dCQJzxUWjYXPWjLBAZBZBcQ3qDAVuLPEzOuibvJvt","t_fb_token":"CAALZAQL8NOWkBAIUKuVcGq4wE2VFkMZBXukJP3cnAdRhUZAcwBJ4YQPSGArT1adxGelCZCVRh6ZBZAV9zOupPe7DX9729vrm4YGd6y5lb72KMGViJhxsKgP8BAbitN8r72oaSvqcb0ZAkyNiR6mVaWBlwMYu1xY0ECRkkQ4inP6PsHD9dCQJzxUWjYXPWjLBAZBZBcQ3qDAVuLPEzOuibvJvt","t_fb_id":"553103614822990","level":"debug","message":"local passport.deserializeUser()","timestamp":"2015-04-07T16:07:57.065Z"}
{"level":"debug","message":"t_id : 1","timestamp":"2015-04-07T16:07:58.700Z"}
{"level":"debug","message":"rows===================> : [object Object]","timestamp":"2015-04-07T16:07:58.750Z"}
{"t_id":1,"t_email":"dy626@naver.com","t_name":"다운 임","t_hp":"010-2222-2222","t_birth":"1989-12-31T15:00:00.000Z","t_fb_link":null,"t_thumbnail":"https://graph.facebook.com/v2.1/me/picture?access_token=CAALZAQL8NOWkBAIUKuVcGq4wE2VFkMZBXukJP3cnAdRhUZAcwBJ4YQPSGArT1adxGelCZCVRh6ZBZAV9zOupPe7DX9729vrm4YGd6y5lb72KMGViJhxsKgP8BAbitN8r72oaSvqcb0ZAkyNiR6mVaWBlwMYu1xY0ECRkkQ4inP6PsHD9dCQJzxUWjYXPWjLBAZBZBcQ3qDAVuLPEzOuibvJvt","t_fb_token":"CAALZAQL8NOWkBAIUKuVcGq4wE2VFkMZBXukJP3cnAdRhUZAcwBJ4YQPSGArT1adxGelCZCVRh6ZBZAV9zOupPe7DX9729vrm4YGd6y5lb72KMGViJhxsKgP8BAbitN8r72oaSvqcb0ZAkyNiR6mVaWBlwMYu1xY0ECRkkQ4inP6PsHD9dCQJzxUWjYXPWjLBAZBZBcQ3qDAVuLPEzOuibvJvt","t_fb_id":"553103614822990","level":"debug","message":"local passport.deserializeUser()","timestamp":"2015-04-07T16:07:58.750Z"}
{"level":"debug","message":"t_id : 1","timestamp":"2015-04-07T16:08:06.274Z"}
{"level":"debug","message":"rows===================> : [object Object]","timestamp":"2015-04-07T16:08:06.317Z"}
{"t_id":1,"t_email":"dy626@naver.com","t_name":"다운 임","t_hp":"010-2222-2222","t_birth":"1989-12-31T15:00:00.000Z","t_fb_link":null,"t_thumbnail":"https://graph.facebook.com/v2.1/me/picture?access_token=CAALZAQL8NOWkBAIUKuVcGq4wE2VFkMZBXukJP3cnAdRhUZAcwBJ4YQPSGArT1adxGelCZCVRh6ZBZAV9zOupPe7DX9729vrm4YGd6y5lb72KMGViJhxsKgP8BAbitN8r72oaSvqcb0ZAkyNiR6mVaWBlwMYu1xY0ECRkkQ4inP6PsHD9dCQJzxUWjYXPWjLBAZBZBcQ3qDAVuLPEzOuibvJvt","t_fb_token":"CAALZAQL8NOWkBAIUKuVcGq4wE2VFkMZBXukJP3cnAdRhUZAcwBJ4YQPSGArT1adxGelCZCVRh6ZBZAV9zOupPe7DX9729vrm4YGd6y5lb72KMGViJhxsKgP8BAbitN8r72oaSvqcb0ZAkyNiR6mVaWBlwMYu1xY0ECRkkQ4inP6PsHD9dCQJzxUWjYXPWjLBAZBZBcQ3qDAVuLPEzOuibvJvt","t_fb_id":"553103614822990","level":"debug","message":"local passport.deserializeUser()","timestamp":"2015-04-07T16:08:06.317Z"}
{"level":"debug","message":"logged in ========================>homeLoggedIn","timestamp":"2015-04-07T16:08:06.317Z"}
{"level":"debug","message":"t_id : 1","timestamp":"2015-04-07T16:08:06.624Z"}
{"level":"debug","message":"t_id : 1","timestamp":"2015-04-07T16:08:06.627Z"}
{"level":"debug","message":"rows===================> : [object Object]","timestamp":"2015-04-07T16:08:06.670Z"}
{"t_id":1,"t_email":"dy626@naver.com","t_name":"다운 임","t_hp":"010-2222-2222","t_birth":"1989-12-31T15:00:00.000Z","t_fb_link":null,"t_thumbnail":"https://graph.facebook.com/v2.1/me/picture?access_token=CAALZAQL8NOWkBAIUKuVcGq4wE2VFkMZBXukJP3cnAdRhUZAcwBJ4YQPSGArT1adxGelCZCVRh6ZBZAV9zOupPe7DX9729vrm4YGd6y5lb72KMGViJhxsKgP8BAbitN8r72oaSvqcb0ZAkyNiR6mVaWBlwMYu1xY0ECRkkQ4inP6PsHD9dCQJzxUWjYXPWjLBAZBZBcQ3qDAVuLPEzOuibvJvt","t_fb_token":"CAALZAQL8NOWkBAIUKuVcGq4wE2VFkMZBXukJP3cnAdRhUZAcwBJ4YQPSGArT1adxGelCZCVRh6ZBZAV9zOupPe7DX9729vrm4YGd6y5lb72KMGViJhxsKgP8BAbitN8r72oaSvqcb0ZAkyNiR6mVaWBlwMYu1xY0ECRkkQ4inP6PsHD9dCQJzxUWjYXPWjLBAZBZBcQ3qDAVuLPEzOuibvJvt","t_fb_id":"553103614822990","level":"debug","message":"local passport.deserializeUser()","timestamp":"2015-04-07T16:08:06.670Z"}
{"level":"debug","message":"rows===================> : [object Object]","timestamp":"2015-04-07T16:08:06.675Z"}
{"t_id":1,"t_email":"dy626@naver.com","t_name":"다운 임","t_hp":"010-2222-2222","t_birth":"1989-12-31T15:00:00.000Z","t_fb_link":null,"t_thumbnail":"https://graph.facebook.com/v2.1/me/picture?access_token=CAALZAQL8NOWkBAIUKuVcGq4wE2VFkMZBXukJP3cnAdRhUZAcwBJ4YQPSGArT1adxGelCZCVRh6ZBZAV9zOupPe7DX9729vrm4YGd6y5lb72KMGViJhxsKgP8BAbitN8r72oaSvqcb0ZAkyNiR6mVaWBlwMYu1xY0ECRkkQ4inP6PsHD9dCQJzxUWjYXPWjLBAZBZBcQ3qDAVuLPEzOuibvJvt","t_fb_token":"CAALZAQL8NOWkBAIUKuVcGq4wE2VFkMZBXukJP3cnAdRhUZAcwBJ4YQPSGArT1adxGelCZCVRh6ZBZAV9zOupPe7DX9729vrm4YGd6y5lb72KMGViJhxsKgP8BAbitN8r72oaSvqcb0ZAkyNiR6mVaWBlwMYu1xY0ECRkkQ4inP6PsHD9dCQJzxUWjYXPWjLBAZBZBcQ3qDAVuLPEzOuibvJvt","t_fb_id":"553103614822990","level":"debug","message":"local passport.deserializeUser()","timestamp":"2015-04-07T16:08:06.676Z"}
{"level":"debug","message":"t_id : 1","timestamp":"2015-04-07T16:08:28.615Z"}
{"level":"debug","message":"rows===================> : [object Object]","timestamp":"2015-04-07T16:08:28.659Z"}
{"t_id":1,"t_email":"dy626@naver.com","t_name":"다운 임","t_hp":"010-2222-2222","t_birth":"1989-12-31T15:00:00.000Z","t_fb_link":null,"t_thumbnail":"https://graph.facebook.com/v2.1/me/picture?access_token=CAALZAQL8NOWkBAIUKuVcGq4wE2VFkMZBXukJP3cnAdRhUZAcwBJ4YQPSGArT1adxGelCZCVRh6ZBZAV9zOupPe7DX9729vrm4YGd6y5lb72KMGViJhxsKgP8BAbitN8r72oaSvqcb0ZAkyNiR6mVaWBlwMYu1xY0ECRkkQ4inP6PsHD9dCQJzxUWjYXPWjLBAZBZBcQ3qDAVuLPEzOuibvJvt","t_fb_token":"CAALZAQL8NOWkBAIUKuVcGq4wE2VFkMZBXukJP3cnAdRhUZAcwBJ4YQPSGArT1adxGelCZCVRh6ZBZAV9zOupPe7DX9729vrm4YGd6y5lb72KMGViJhxsKgP8BAbitN8r72oaSvqcb0ZAkyNiR6mVaWBlwMYu1xY0ECRkkQ4inP6PsHD9dCQJzxUWjYXPWjLBAZBZBcQ3qDAVuLPEzOuibvJvt","t_fb_id":"553103614822990","level":"debug","message":"local passport.deserializeUser()","timestamp":"2015-04-07T16:08:28.659Z"}
{"level":"debug","message":"response.statusCode:  200","timestamp":"2015-04-07T16:08:29.209Z"}
{"level":"debug","message":"body:  {\"success\":true}","timestamp":"2015-04-07T16:08:29.209Z"}
{"level":"debug","message":"logged out ========================>homeLoggedOut","timestamp":"2015-04-07T16:08:29.297Z"}
{"t_fb_id":"469056096578560","t_name":"Dawoon Lim","t_fb_token":"CAALZAQL8NOWkBAAZCHe624fO5yQCWZBlvrBD4SZA6keLMs4Amc0zsWuUuIZAbQwRI22BTO24dEGqDK8t2UExZCygQETPKiu2gUy0oxPTBnDzduRH9oYsfmEHekZASbc8sHReFOvU1y35Wrt1ZAGj8JZA1Lh91XWwYIpP4JncyXDYcaBOXk6Rx6QoCgA544WeKim7Vu3BiZCfVu1nBh7Inl2dRW","t_email":"dadada626@hanmail.net","t_thumbnail":"https://graph.facebook.com/v2.1/me/picture?access_token=CAALZAQL8NOWkBAAZCHe624fO5yQCWZBlvrBD4SZA6keLMs4Amc0zsWuUuIZAbQwRI22BTO24dEGqDK8t2UExZCygQETPKiu2gUy0oxPTBnDzduRH9oYsfmEHekZASbc8sHReFOvU1y35Wrt1ZAGj8JZA1Lh91XWwYIpP4JncyXDYcaBOXk6Rx6QoCgA544WeKim7Vu3BiZCfVu1nBh7Inl2dRW","t_id":8,"level":"debug","message":"passport.serializeUser()","timestamp":"2015-04-07T16:09:27.494Z"}
{"level":"debug","message":"passport.serializeUser() t_id :  8","timestamp":"2015-04-07T16:09:27.494Z"}
{"level":"debug","message":"passport.serializeUser() id :  undefined","timestamp":"2015-04-07T16:09:27.494Z"}
{"level":"debug","message":"t_id : 8","timestamp":"2015-04-07T16:09:27.621Z"}
{"level":"debug","message":"rows===================> : [object Object]","timestamp":"2015-04-07T16:09:27.666Z"}
{"t_id":8,"t_email":"dadada626@hanmail.net","t_name":"Dawoon Lim","t_hp":null,"t_birth":null,"t_fb_link":null,"t_thumbnail":"https://graph.facebook.com/v2.1/me/picture?access_token=CAALZAQL8NOWkBAAZCHe624fO5yQCWZBlvrBD4SZA6keLMs4Amc0zsWuUuIZAbQwRI22BTO24dEGqDK8t2UExZCygQETPKiu2gUy0oxPTBnDzduRH9oYsfmEHekZASbc8sHReFOvU1y35Wrt1ZAGj8JZA1Lh91XWwYIpP4JncyXDYcaBOXk6Rx6QoCgA544WeKim7Vu3BiZCfVu1nBh7Inl2dRW","t_fb_token":"CAALZAQL8NOWkBAAZCHe624fO5yQCWZBlvrBD4SZA6keLMs4Amc0zsWuUuIZAbQwRI22BTO24dEGqDK8t2UExZCygQETPKiu2gUy0oxPTBnDzduRH9oYsfmEHekZASbc8sHReFOvU1y35Wrt1ZAGj8JZA1Lh91XWwYIpP4JncyXDYcaBOXk6Rx6QoCgA544WeKim7Vu3BiZCfVu1nBh7Inl2dRW","t_fb_id":"469056096578560","level":"debug","message":"local passport.deserializeUser()","timestamp":"2015-04-07T16:09:27.666Z"}
{"level":"debug","message":"logged in ========================>homeLoggedIn","timestamp":"2015-04-07T16:09:27.668Z"}
{"level":"debug","message":"t_id : 8","timestamp":"2015-04-07T16:09:27.957Z"}
{"level":"debug","message":"t_id : 8","timestamp":"2015-04-07T16:09:27.961Z"}
{"level":"debug","message":"rows===================> : [object Object]","timestamp":"2015-04-07T16:09:28.004Z"}
{"t_id":8,"t_email":"dadada626@hanmail.net","t_name":"Dawoon Lim","t_hp":null,"t_birth":null,"t_fb_link":null,"t_thumbnail":"https://graph.facebook.com/v2.1/me/picture?access_token=CAALZAQL8NOWkBAAZCHe624fO5yQCWZBlvrBD4SZA6keLMs4Amc0zsWuUuIZAbQwRI22BTO24dEGqDK8t2UExZCygQETPKiu2gUy0oxPTBnDzduRH9oYsfmEHekZASbc8sHReFOvU1y35Wrt1ZAGj8JZA1Lh91XWwYIpP4JncyXDYcaBOXk6Rx6QoCgA544WeKim7Vu3BiZCfVu1nBh7Inl2dRW","t_fb_token":"CAALZAQL8NOWkBAAZCHe624fO5yQCWZBlvrBD4SZA6keLMs4Amc0zsWuUuIZAbQwRI22BTO24dEGqDK8t2UExZCygQETPKiu2gUy0oxPTBnDzduRH9oYsfmEHekZASbc8sHReFOvU1y35Wrt1ZAGj8JZA1Lh91XWwYIpP4JncyXDYcaBOXk6Rx6QoCgA544WeKim7Vu3BiZCfVu1nBh7Inl2dRW","t_fb_id":"469056096578560","level":"debug","message":"local passport.deserializeUser()","timestamp":"2015-04-07T16:09:28.005Z"}
{"level":"debug","message":"rows===================> : [object Object]","timestamp":"2015-04-07T16:09:28.008Z"}
{"t_id":8,"t_email":"dadada626@hanmail.net","t_name":"Dawoon Lim","t_hp":null,"t_birth":null,"t_fb_link":null,"t_thumbnail":"https://graph.facebook.com/v2.1/me/picture?access_token=CAALZAQL8NOWkBAAZCHe624fO5yQCWZBlvrBD4SZA6keLMs4Amc0zsWuUuIZAbQwRI22BTO24dEGqDK8t2UExZCygQETPKiu2gUy0oxPTBnDzduRH9oYsfmEHekZASbc8sHReFOvU1y35Wrt1ZAGj8JZA1Lh91XWwYIpP4JncyXDYcaBOXk6Rx6QoCgA544WeKim7Vu3BiZCfVu1nBh7Inl2dRW","t_fb_token":"CAALZAQL8NOWkBAAZCHe624fO5yQCWZBlvrBD4SZA6keLMs4Amc0zsWuUuIZAbQwRI22BTO24dEGqDK8t2UExZCygQETPKiu2gUy0oxPTBnDzduRH9oYsfmEHekZASbc8sHReFOvU1y35Wrt1ZAGj8JZA1Lh91XWwYIpP4JncyXDYcaBOXk6Rx6QoCgA544WeKim7Vu3BiZCfVu1nBh7Inl2dRW","t_fb_id":"469056096578560","level":"debug","message":"local passport.deserializeUser()","timestamp":"2015-04-07T16:09:28.008Z"}
{"level":"debug","message":"t_id : 8","timestamp":"2015-04-07T16:10:36.639Z"}
{"level":"debug","message":"rows===================> : [object Object]","timestamp":"2015-04-07T16:10:36.683Z"}
{"t_id":8,"t_email":"dadada626@hanmail.net","t_name":"Dawoon Lim","t_hp":null,"t_birth":null,"t_fb_link":null,"t_thumbnail":"https://graph.facebook.com/v2.1/me/picture?access_token=CAALZAQL8NOWkBAAZCHe624fO5yQCWZBlvrBD4SZA6keLMs4Amc0zsWuUuIZAbQwRI22BTO24dEGqDK8t2UExZCygQETPKiu2gUy0oxPTBnDzduRH9oYsfmEHekZASbc8sHReFOvU1y35Wrt1ZAGj8JZA1Lh91XWwYIpP4JncyXDYcaBOXk6Rx6QoCgA544WeKim7Vu3BiZCfVu1nBh7Inl2dRW","t_fb_token":"CAALZAQL8NOWkBAAZCHe624fO5yQCWZBlvrBD4SZA6keLMs4Amc0zsWuUuIZAbQwRI22BTO24dEGqDK8t2UExZCygQETPKiu2gUy0oxPTBnDzduRH9oYsfmEHekZASbc8sHReFOvU1y35Wrt1ZAGj8JZA1Lh91XWwYIpP4JncyXDYcaBOXk6Rx6QoCgA544WeKim7Vu3BiZCfVu1nBh7Inl2dRW","t_fb_id":"469056096578560","level":"debug","message":"local passport.deserializeUser()","timestamp":"2015-04-07T16:10:36.684Z"}
{"level":"debug","message":"logged in ========================>homeLoggedIn","timestamp":"2015-04-07T16:10:36.684Z"}
{"level":"debug","message":"t_id : 8","timestamp":"2015-04-07T16:10:37.062Z"}
{"level":"debug","message":"t_id : 8","timestamp":"2015-04-07T16:10:37.066Z"}
{"level":"debug","message":"rows===================> : [object Object]","timestamp":"2015-04-07T16:10:37.105Z"}
{"t_id":8,"t_email":"dadada626@hanmail.net","t_name":"Dawoon Lim","t_hp":null,"t_birth":null,"t_fb_link":null,"t_thumbnail":"https://graph.facebook.com/v2.1/me/picture?access_token=CAALZAQL8NOWkBAAZCHe624fO5yQCWZBlvrBD4SZA6keLMs4Amc0zsWuUuIZAbQwRI22BTO24dEGqDK8t2UExZCygQETPKiu2gUy0oxPTBnDzduRH9oYsfmEHekZASbc8sHReFOvU1y35Wrt1ZAGj8JZA1Lh91XWwYIpP4JncyXDYcaBOXk6Rx6QoCgA544WeKim7Vu3BiZCfVu1nBh7Inl2dRW","t_fb_token":"CAALZAQL8NOWkBAAZCHe624fO5yQCWZBlvrBD4SZA6keLMs4Amc0zsWuUuIZAbQwRI22BTO24dEGqDK8t2UExZCygQETPKiu2gUy0oxPTBnDzduRH9oYsfmEHekZASbc8sHReFOvU1y35Wrt1ZAGj8JZA1Lh91XWwYIpP4JncyXDYcaBOXk6Rx6QoCgA544WeKim7Vu3BiZCfVu1nBh7Inl2dRW","t_fb_id":"469056096578560","level":"debug","message":"local passport.deserializeUser()","timestamp":"2015-04-07T16:10:37.105Z"}
{"level":"debug","message":"rows===================> : [object Object]","timestamp":"2015-04-07T16:10:37.110Z"}
{"t_id":8,"t_email":"dadada626@hanmail.net","t_name":"Dawoon Lim","t_hp":null,"t_birth":null,"t_fb_link":null,"t_thumbnail":"https://graph.facebook.com/v2.1/me/picture?access_token=CAALZAQL8NOWkBAAZCHe624fO5yQCWZBlvrBD4SZA6keLMs4Amc0zsWuUuIZAbQwRI22BTO24dEGqDK8t2UExZCygQETPKiu2gUy0oxPTBnDzduRH9oYsfmEHekZASbc8sHReFOvU1y35Wrt1ZAGj8JZA1Lh91XWwYIpP4JncyXDYcaBOXk6Rx6QoCgA544WeKim7Vu3BiZCfVu1nBh7Inl2dRW","t_fb_token":"CAALZAQL8NOWkBAAZCHe624fO5yQCWZBlvrBD4SZA6keLMs4Amc0zsWuUuIZAbQwRI22BTO24dEGqDK8t2UExZCygQETPKiu2gUy0oxPTBnDzduRH9oYsfmEHekZASbc8sHReFOvU1y35Wrt1ZAGj8JZA1Lh91XWwYIpP4JncyXDYcaBOXk6Rx6QoCgA544WeKim7Vu3BiZCfVu1nBh7Inl2dRW","t_fb_id":"469056096578560","level":"debug","message":"local passport.deserializeUser()","timestamp":"2015-04-07T16:10:37.111Z"}
{"level":"debug","message":"t_id : 8","timestamp":"2015-04-07T16:12:19.003Z"}
{"level":"debug","message":"rows===================> : [object Object]","timestamp":"2015-04-07T16:12:19.045Z"}
{"t_id":8,"t_email":"dadada626@hanmail.net","t_name":"Dawoon Lim","t_hp":null,"t_birth":null,"t_fb_link":null,"t_thumbnail":"https://graph.facebook.com/v2.1/me/picture?access_token=CAALZAQL8NOWkBAAZCHe624fO5yQCWZBlvrBD4SZA6keLMs4Amc0zsWuUuIZAbQwRI22BTO24dEGqDK8t2UExZCygQETPKiu2gUy0oxPTBnDzduRH9oYsfmEHekZASbc8sHReFOvU1y35Wrt1ZAGj8JZA1Lh91XWwYIpP4JncyXDYcaBOXk6Rx6QoCgA544WeKim7Vu3BiZCfVu1nBh7Inl2dRW","t_fb_token":"CAALZAQL8NOWkBAAZCHe624fO5yQCWZBlvrBD4SZA6keLMs4Amc0zsWuUuIZAbQwRI22BTO24dEGqDK8t2UExZCygQETPKiu2gUy0oxPTBnDzduRH9oYsfmEHekZASbc8sHReFOvU1y35Wrt1ZAGj8JZA1Lh91XWwYIpP4JncyXDYcaBOXk6Rx6QoCgA544WeKim7Vu3BiZCfVu1nBh7Inl2dRW","t_fb_id":"469056096578560","level":"debug","message":"local passport.deserializeUser()","timestamp":"2015-04-07T16:12:19.046Z"}
{"level":"debug","message":"response.statusCode:  200","timestamp":"2015-04-07T16:12:19.729Z"}
{"level":"debug","message":"body:  {\"success\":true}","timestamp":"2015-04-07T16:12:19.730Z"}
{"level":"debug","message":"logged out ========================>homeLoggedOut","timestamp":"2015-04-07T16:12:19.857Z"}
{"level":"debug","message":"logged out ========================>homeLoggedOut","timestamp":"2015-04-07T16:33:51.841Z"}
{"level":"debug","message":"logged out ========================>homeLoggedOut","timestamp":"2015-04-07T16:36:36.030Z"}
{"level":"debug","message":"logged out ========================>homeLoggedOut","timestamp":"2015-04-07T16:39:29.681Z"}
{"level":"debug","message":"logged out ========================>homeLoggedOut","timestamp":"2015-04-07T16:39:45.400Z"}
{"level":"debug","message":"logged out ========================>homeLoggedOut","timestamp":"2015-04-07T16:39:51.943Z"}
{"level":"debug","message":"logged out ========================>homeLoggedOut","timestamp":"2015-04-07T16:40:24.052Z"}
{"level":"debug","message":"logged out ========================>homeLoggedOut","timestamp":"2015-04-07T16:42:59.042Z"}
{"level":"debug","message":"logged out ========================>homeLoggedOut","timestamp":"2015-04-07T16:43:31.613Z"}
{"level":"debug","message":"logged out ========================>homeLoggedOut","timestamp":"2015-04-07T16:58:31.814Z"}
{"level":"debug","message":"logged out ========================>homeLoggedOut","timestamp":"2015-04-07T16:59:30.322Z"}
{"level":"debug","message":"logged out ========================>homeLoggedOut","timestamp":"2015-04-07T17:02:14.104Z"}
{"level":"debug","message":"logged out ========================>homeLoggedOut","timestamp":"2015-04-07T17:03:16.456Z"}
{"level":"debug","message":"logged out ========================>homeLoggedOut","timestamp":"2015-04-07T17:07:06.682Z"}
{"level":"debug","message":"logged out ========================>homeLoggedOut","timestamp":"2015-04-07T17:07:28.523Z"}
{"level":"debug","message":"logged out ========================>homeLoggedOut","timestamp":"2015-04-07T17:07:49.985Z"}
{"level":"debug","message":"logged out ========================>homeLoggedOut","timestamp":"2015-04-07T17:08:06.136Z"}
{"level":"debug","message":"logged out ========================>homeLoggedOut","timestamp":"2015-04-07T17:10:20.977Z"}
{"level":"debug","message":"logged out ========================>homeLoggedOut","timestamp":"2015-04-07T17:11:01.036Z"}
{"level":"debug","message":"logged out ========================>homeLoggedOut","timestamp":"2015-04-07T17:15:16.336Z"}
{"level":"debug","message":"logged out ========================>homeLoggedOut","timestamp":"2015-04-07T17:15:48.478Z"}
{"level":"debug","message":"logged out ========================>homeLoggedOut","timestamp":"2015-04-07T17:16:01.241Z"}
{"level":"debug","message":"logged out ========================>homeLoggedOut","timestamp":"2015-04-07T17:20:02.973Z"}
{"level":"debug","message":"local-login=====>ghgㅁㄴㅇㅁㄹㅇㄻㄴh","timestamp":"2015-04-07T17:23:13.511Z"}
{"level":"debug","message":"local-login=====>ghgh","timestamp":"2015-04-07T17:23:13.709Z"}
{"level":"debug","message":"local-login=====>쿼리실행","timestamp":"2015-04-07T17:23:13.814Z"}
{"level":"debug","message":"bcrypt.compare() ====> undefined([object Object])","timestamp":"2015-04-07T17:23:14.097Z"}
{"t_id":7,"t_email":"qwer4@naver.com","t_name":"qwer4","t_hp":"010-7777-7777","t_birth":"1999-12-31T15:00:00.000Z","t_fb_link":"","t_thumbnail":"https://s3-ap-northeast-1.amazonaws.com/treetree/image/profile/upload_70d91ba5a39f9ffedbda8e7f09c37a67.PNG","t_fb_token":null,"t_fb_id":null,"level":"debug","message":"passport.serializeUser()","timestamp":"2015-04-07T17:23:14.111Z"}
{"level":"debug","message":"passport.serializeUser() t_id :  7","timestamp":"2015-04-07T17:23:14.112Z"}
{"level":"debug","message":"passport.serializeUser() id :  undefined","timestamp":"2015-04-07T17:23:14.131Z"}
{"level":"debug","message":"logged in... ","timestamp":"2015-04-07T17:23:14.131Z"}
{"level":"debug","message":"logged in ========================>homeLoggedIn","timestamp":"2015-04-07T17:23:14.131Z"}
{"level":"debug","message":"t_id : 7","timestamp":"2015-04-07T17:23:14.566Z"}
{"level":"debug","message":"rows===================> : [object Object]","timestamp":"2015-04-07T17:23:14.608Z"}
{"t_id":7,"t_email":"qwer4@naver.com","t_name":"qwer4","t_hp":"010-7777-7777","t_birth":"1999-12-31T15:00:00.000Z","t_fb_link":"","t_thumbnail":"https://s3-ap-northeast-1.amazonaws.com/treetree/image/profile/upload_70d91ba5a39f9ffedbda8e7f09c37a67.PNG","t_fb_token":null,"t_fb_id":null,"level":"debug","message":"local passport.deserializeUser()","timestamp":"2015-04-07T17:23:14.608Z"}
{"level":"debug","message":"t_id : 7","timestamp":"2015-04-07T17:23:14.654Z"}
{"level":"debug","message":"t_id : 7","timestamp":"2015-04-07T17:23:14.657Z"}
{"level":"debug","message":"t_id : 7","timestamp":"2015-04-07T17:23:14.659Z"}
{"level":"debug","message":"t_id : 7","timestamp":"2015-04-07T17:23:14.668Z"}
{"level":"debug","message":"rows===================> : [object Object]","timestamp":"2015-04-07T17:23:14.708Z"}
{"t_id":7,"t_email":"qwer4@naver.com","t_name":"qwer4","t_hp":"010-7777-7777","t_birth":"1999-12-31T15:00:00.000Z","t_fb_link":"","t_thumbnail":"https://s3-ap-northeast-1.amazonaws.com/treetree/image/profile/upload_70d91ba5a39f9ffedbda8e7f09c37a67.PNG","t_fb_token":null,"t_fb_id":null,"level":"debug","message":"local passport.deserializeUser()","timestamp":"2015-04-07T17:23:14.709Z"}
{"level":"debug","message":"rows===================> : [object Object]","timestamp":"2015-04-07T17:23:14.718Z"}
{"t_id":7,"t_email":"qwer4@naver.com","t_name":"qwer4","t_hp":"010-7777-7777","t_birth":"1999-12-31T15:00:00.000Z","t_fb_link":"","t_thumbnail":"https://s3-ap-northeast-1.amazonaws.com/treetree/image/profile/upload_70d91ba5a39f9ffedbda8e7f09c37a67.PNG","t_fb_token":null,"t_fb_id":null,"level":"debug","message":"local passport.deserializeUser()","timestamp":"2015-04-07T17:23:14.718Z"}
{"level":"debug","message":"rows===================> : [object Object]","timestamp":"2015-04-07T17:23:14.751Z"}
{"t_id":7,"t_email":"qwer4@naver.com","t_name":"qwer4","t_hp":"010-7777-7777","t_birth":"1999-12-31T15:00:00.000Z","t_fb_link":"","t_thumbnail":"https://s3-ap-northeast-1.amazonaws.com/treetree/image/profile/upload_70d91ba5a39f9ffedbda8e7f09c37a67.PNG","t_fb_token":null,"t_fb_id":null,"level":"debug","message":"local passport.deserializeUser()","timestamp":"2015-04-07T17:23:14.751Z"}
{"level":"debug","message":"rows===================> : [object Object]","timestamp":"2015-04-07T17:23:14.767Z"}
{"t_id":7,"t_email":"qwer4@naver.com","t_name":"qwer4","t_hp":"010-7777-7777","t_birth":"1999-12-31T15:00:00.000Z","t_fb_link":"","t_thumbnail":"https://s3-ap-northeast-1.amazonaws.com/treetree/image/profile/upload_70d91ba5a39f9ffedbda8e7f09c37a67.PNG","t_fb_token":null,"t_fb_id":null,"level":"debug","message":"local passport.deserializeUser()","timestamp":"2015-04-07T17:23:14.768Z"}
{"level":"debug","message":"t_id : 7","timestamp":"2015-04-07T17:23:15.182Z"}
{"level":"debug","message":"rows===================> : [object Object]","timestamp":"2015-04-07T17:23:15.232Z"}
{"t_id":7,"t_email":"qwer4@naver.com","t_name":"qwer4","t_hp":"010-7777-7777","t_birth":"1999-12-31T15:00:00.000Z","t_fb_link":"","t_thumbnail":"https://s3-ap-northeast-1.amazonaws.com/treetree/image/profile/upload_70d91ba5a39f9ffedbda8e7f09c37a67.PNG","t_fb_token":null,"t_fb_id":null,"level":"debug","message":"local passport.deserializeUser()","timestamp":"2015-04-07T17:23:15.233Z"}
{"level":"debug","message":"t_id : 7","timestamp":"2015-04-07T17:23:15.396Z"}
{"level":"debug","message":"rows===================> : [object Object]","timestamp":"2015-04-07T17:23:15.444Z"}
{"t_id":7,"t_email":"qwer4@naver.com","t_name":"qwer4","t_hp":"010-7777-7777","t_birth":"1999-12-31T15:00:00.000Z","t_fb_link":"","t_thumbnail":"https://s3-ap-northeast-1.amazonaws.com/treetree/image/profile/upload_70d91ba5a39f9ffedbda8e7f09c37a67.PNG","t_fb_token":null,"t_fb_id":null,"level":"debug","message":"local passport.deserializeUser()","timestamp":"2015-04-07T17:23:15.445Z"}
{"level":"debug","message":"t_id : 7","timestamp":"2015-04-07T17:25:02.306Z"}
{"level":"debug","message":"rows===================> : [object Object]","timestamp":"2015-04-07T17:25:02.351Z"}
{"t_id":7,"t_email":"qwer4@naver.com","t_name":"qwer4","t_hp":"010-7777-7777","t_birth":"1999-12-31T15:00:00.000Z","t_fb_link":"","t_thumbnail":"https://s3-ap-northeast-1.amazonaws.com/treetree/image/profile/upload_70d91ba5a39f9ffedbda8e7f09c37a67.PNG","t_fb_token":null,"t_fb_id":null,"level":"debug","message":"local passport.deserializeUser()","timestamp":"2015-04-07T17:25:02.351Z"}
{"level":"debug","message":"local-login=====>ghgㅁㄴㅇㅁㄹㅇㄻㄴh","timestamp":"2015-04-07T17:25:02.352Z"}
{"level":"debug","message":"local-login=====>ghgh","timestamp":"2015-04-07T17:25:02.390Z"}
{"level":"debug","message":"local-login=====>쿼리실행","timestamp":"2015-04-07T17:25:02.437Z"}
{"level":"debug","message":"bcrypt.compare() ====> undefined([object Object])","timestamp":"2015-04-07T17:25:02.691Z"}
{"t_id":7,"t_email":"qwer4@naver.com","t_name":"qwer4","t_hp":"010-7777-7777","t_birth":"1999-12-31T15:00:00.000Z","t_fb_link":"","t_thumbnail":"https://s3-ap-northeast-1.amazonaws.com/treetree/image/profile/upload_70d91ba5a39f9ffedbda8e7f09c37a67.PNG","t_fb_token":null,"t_fb_id":null,"level":"debug","message":"passport.serializeUser()","timestamp":"2015-04-07T17:25:02.692Z"}
{"level":"debug","message":"passport.serializeUser() t_id :  7","timestamp":"2015-04-07T17:25:02.692Z"}
{"level":"debug","message":"passport.serializeUser() id :  undefined","timestamp":"2015-04-07T17:25:02.692Z"}
{"level":"debug","message":"logged in... ","timestamp":"2015-04-07T17:25:02.692Z"}
{"level":"debug","message":"logged in ========================>homeLoggedIn","timestamp":"2015-04-07T17:25:02.692Z"}
{"level":"debug","message":"t_id : 7","timestamp":"2015-04-07T17:25:03.269Z"}
{"level":"debug","message":"t_id : 7","timestamp":"2015-04-07T17:25:03.270Z"}
{"level":"debug","message":"t_id : 7","timestamp":"2015-04-07T17:25:03.272Z"}
{"level":"debug","message":"t_id : 7","timestamp":"2015-04-07T17:25:03.273Z"}
{"level":"debug","message":"t_id : 7","timestamp":"2015-04-07T17:25:03.278Z"}
{"level":"debug","message":"rows===================> : [object Object]","timestamp":"2015-04-07T17:25:03.315Z"}
{"t_id":7,"t_email":"qwer4@naver.com","t_name":"qwer4","t_hp":"010-7777-7777","t_birth":"1999-12-31T15:00:00.000Z","t_fb_link":"","t_thumbnail":"https://s3-ap-northeast-1.amazonaws.com/treetree/image/profile/upload_70d91ba5a39f9ffedbda8e7f09c37a67.PNG","t_fb_token":null,"t_fb_id":null,"level":"debug","message":"local passport.deserializeUser()","timestamp":"2015-04-07T17:25:03.315Z"}
{"level":"debug","message":"rows===================> : [object Object]","timestamp":"2015-04-07T17:25:03.320Z"}
{"t_id":7,"t_email":"qwer4@naver.com","t_name":"qwer4","t_hp":"010-7777-7777","t_birth":"1999-12-31T15:00:00.000Z","t_fb_link":"","t_thumbnail":"https://s3-ap-northeast-1.amazonaws.com/treetree/image/profile/upload_70d91ba5a39f9ffedbda8e7f09c37a67.PNG","t_fb_token":null,"t_fb_id":null,"level":"debug","message":"local passport.deserializeUser()","timestamp":"2015-04-07T17:25:03.320Z"}
{"level":"debug","message":"rows===================> : [object Object]","timestamp":"2015-04-07T17:25:03.326Z"}
{"t_id":7,"t_email":"qwer4@naver.com","t_name":"qwer4","t_hp":"010-7777-7777","t_birth":"1999-12-31T15:00:00.000Z","t_fb_link":"","t_thumbnail":"https://s3-ap-northeast-1.amazonaws.com/treetree/image/profile/upload_70d91ba5a39f9ffedbda8e7f09c37a67.PNG","t_fb_token":null,"t_fb_id":null,"level":"debug","message":"local passport.deserializeUser()","timestamp":"2015-04-07T17:25:03.327Z"}
{"level":"debug","message":"rows===================> : [object Object]","timestamp":"2015-04-07T17:25:03.333Z"}
{"t_id":7,"t_email":"qwer4@naver.com","t_name":"qwer4","t_hp":"010-7777-7777","t_birth":"1999-12-31T15:00:00.000Z","t_fb_link":"","t_thumbnail":"https://s3-ap-northeast-1.amazonaws.com/treetree/image/profile/upload_70d91ba5a39f9ffedbda8e7f09c37a67.PNG","t_fb_token":null,"t_fb_id":null,"level":"debug","message":"local passport.deserializeUser()","timestamp":"2015-04-07T17:25:03.333Z"}
{"level":"debug","message":"rows===================> : [object Object]","timestamp":"2015-04-07T17:25:03.342Z"}
{"t_id":7,"t_email":"qwer4@naver.com","t_name":"qwer4","t_hp":"010-7777-7777","t_birth":"1999-12-31T15:00:00.000Z","t_fb_link":"","t_thumbnail":"https://s3-ap-northeast-1.amazonaws.com/treetree/image/profile/upload_70d91ba5a39f9ffedbda8e7f09c37a67.PNG","t_fb_token":null,"t_fb_id":null,"level":"debug","message":"local passport.deserializeUser()","timestamp":"2015-04-07T17:25:03.342Z"}
{"level":"debug","message":"t_id : 7","timestamp":"2015-04-07T17:25:07.607Z"}
{"level":"debug","message":"rows===================> : [object Object]","timestamp":"2015-04-07T17:25:07.648Z"}
{"t_id":7,"t_email":"qwer4@naver.com","t_name":"qwer4","t_hp":"010-7777-7777","t_birth":"1999-12-31T15:00:00.000Z","t_fb_link":"","t_thumbnail":"https://s3-ap-northeast-1.amazonaws.com/treetree/image/profile/upload_70d91ba5a39f9ffedbda8e7f09c37a67.PNG","t_fb_token":null,"t_fb_id":null,"level":"debug","message":"local passport.deserializeUser()","timestamp":"2015-04-07T17:25:07.648Z"}
{"level":"debug","message":"t_id : 7","timestamp":"2015-04-07T17:26:10.094Z"}
{"level":"debug","message":"rows===================> : [object Object]","timestamp":"2015-04-07T17:26:10.140Z"}
{"t_id":7,"t_email":"qwer4@naver.com","t_name":"qwer4","t_hp":"010-7777-7777","t_birth":"1999-12-31T15:00:00.000Z","t_fb_link":"","t_thumbnail":"https://s3-ap-northeast-1.amazonaws.com/treetree/image/profile/upload_70d91ba5a39f9ffedbda8e7f09c37a67.PNG","t_fb_token":null,"t_fb_id":null,"level":"debug","message":"local passport.deserializeUser()","timestamp":"2015-04-07T17:26:10.141Z"}
{"level":"debug","message":"local-login=====>ghgㅁㄴㅇㅁㄹㅇㄻㄴh","timestamp":"2015-04-07T17:26:10.142Z"}
{"level":"debug","message":"local-login=====>ghgh","timestamp":"2015-04-07T17:26:10.181Z"}
{"level":"debug","message":"local-login=====>쿼리실행","timestamp":"2015-04-07T17:26:10.228Z"}
{"level":"debug","message":"bcrypt.compare() ====> undefined([object Object])","timestamp":"2015-04-07T17:26:10.608Z"}
{"t_id":7,"t_email":"qwer4@naver.com","t_name":"qwer4","t_hp":"010-7777-7777","t_birth":"1999-12-31T15:00:00.000Z","t_fb_link":"","t_thumbnail":"https://s3-ap-northeast-1.amazonaws.com/treetree/image/profile/upload_70d91ba5a39f9ffedbda8e7f09c37a67.PNG","t_fb_token":null,"t_fb_id":null,"level":"debug","message":"passport.serializeUser()","timestamp":"2015-04-07T17:26:10.609Z"}
{"level":"debug","message":"passport.serializeUser() t_id :  7","timestamp":"2015-04-07T17:26:10.609Z"}
{"level":"debug","message":"passport.serializeUser() id :  undefined","timestamp":"2015-04-07T17:26:10.609Z"}
{"level":"debug","message":"logged in... ","timestamp":"2015-04-07T17:26:10.609Z"}
{"level":"debug","message":"logged in ========================>homeLoggedIn","timestamp":"2015-04-07T17:26:10.610Z"}
{"level":"debug","message":"t_id : 7","timestamp":"2015-04-07T17:26:11.141Z"}
{"level":"debug","message":"t_id : 7","timestamp":"2015-04-07T17:26:11.143Z"}
{"level":"debug","message":"rows===================> : [object Object]","timestamp":"2015-04-07T17:26:11.188Z"}
{"t_id":7,"t_email":"qwer4@naver.com","t_name":"qwer4","t_hp":"010-7777-7777","t_birth":"1999-12-31T15:00:00.000Z","t_fb_link":"","t_thumbnail":"https://s3-ap-northeast-1.amazonaws.com/treetree/image/profile/upload_70d91ba5a39f9ffedbda8e7f09c37a67.PNG","t_fb_token":null,"t_fb_id":null,"level":"debug","message":"local passport.deserializeUser()","timestamp":"2015-04-07T17:26:11.189Z"}
{"level":"debug","message":"rows===================> : [object Object]","timestamp":"2015-04-07T17:26:11.211Z"}
{"t_id":7,"t_email":"qwer4@naver.com","t_name":"qwer4","t_hp":"010-7777-7777","t_birth":"1999-12-31T15:00:00.000Z","t_fb_link":"","t_thumbnail":"https://s3-ap-northeast-1.amazonaws.com/treetree/image/profile/upload_70d91ba5a39f9ffedbda8e7f09c37a67.PNG","t_fb_token":null,"t_fb_id":null,"level":"debug","message":"local passport.deserializeUser()","timestamp":"2015-04-07T17:26:11.212Z"}
{"level":"debug","message":"t_id : 7","timestamp":"2015-04-07T17:26:11.386Z"}
{"level":"debug","message":"t_id : 7","timestamp":"2015-04-07T17:26:11.389Z"}
{"level":"debug","message":"t_id : 7","timestamp":"2015-04-07T17:26:11.400Z"}
{"level":"debug","message":"t_id : 7","timestamp":"2015-04-07T17:26:11.402Z"}
{"level":"debug","message":"rows===================> : [object Object]","timestamp":"2015-04-07T17:26:11.436Z"}
{"t_id":7,"t_email":"qwer4@naver.com","t_name":"qwer4","t_hp":"010-7777-7777","t_birth":"1999-12-31T15:00:00.000Z","t_fb_link":"","t_thumbnail":"https://s3-ap-northeast-1.amazonaws.com/treetree/image/profile/upload_70d91ba5a39f9ffedbda8e7f09c37a67.PNG","t_fb_token":null,"t_fb_id":null,"level":"debug","message":"local passport.deserializeUser()","timestamp":"2015-04-07T17:26:11.436Z"}
{"level":"debug","message":"rows===================> : [object Object]","timestamp":"2015-04-07T17:26:11.447Z"}
{"t_id":7,"t_email":"qwer4@naver.com","t_name":"qwer4","t_hp":"010-7777-7777","t_birth":"1999-12-31T15:00:00.000Z","t_fb_link":"","t_thumbnail":"https://s3-ap-northeast-1.amazonaws.com/treetree/image/profile/upload_70d91ba5a39f9ffedbda8e7f09c37a67.PNG","t_fb_token":null,"t_fb_id":null,"level":"debug","message":"local passport.deserializeUser()","timestamp":"2015-04-07T17:26:11.447Z"}
{"level":"debug","message":"rows===================> : [object Object]","timestamp":"2015-04-07T17:26:11.454Z"}
{"t_id":7,"t_email":"qwer4@naver.com","t_name":"qwer4","t_hp":"010-7777-7777","t_birth":"1999-12-31T15:00:00.000Z","t_fb_link":"","t_thumbnail":"https://s3-ap-northeast-1.amazonaws.com/treetree/image/profile/upload_70d91ba5a39f9ffedbda8e7f09c37a67.PNG","t_fb_token":null,"t_fb_id":null,"level":"debug","message":"local passport.deserializeUser()","timestamp":"2015-04-07T17:26:11.454Z"}
{"level":"debug","message":"rows===================> : [object Object]","timestamp":"2015-04-07T17:26:11.467Z"}
{"t_id":7,"t_email":"qwer4@naver.com","t_name":"qwer4","t_hp":"010-7777-7777","t_birth":"1999-12-31T15:00:00.000Z","t_fb_link":"","t_thumbnail":"https://s3-ap-northeast-1.amazonaws.com/treetree/image/profile/upload_70d91ba5a39f9ffedbda8e7f09c37a67.PNG","t_fb_token":null,"t_fb_id":null,"level":"debug","message":"local passport.deserializeUser()","timestamp":"2015-04-07T17:26:11.468Z"}
{"level":"debug","message":"t_id : 7","timestamp":"2015-04-07T17:26:14.129Z"}
{"level":"debug","message":"rows===================> : [object Object]","timestamp":"2015-04-07T17:26:14.173Z"}
{"t_id":7,"t_email":"qwer4@naver.com","t_name":"qwer4","t_hp":"010-7777-7777","t_birth":"1999-12-31T15:00:00.000Z","t_fb_link":"","t_thumbnail":"https://s3-ap-northeast-1.amazonaws.com/treetree/image/profile/upload_70d91ba5a39f9ffedbda8e7f09c37a67.PNG","t_fb_token":null,"t_fb_id":null,"level":"debug","message":"local passport.deserializeUser()","timestamp":"2015-04-07T17:26:14.173Z"}
{"level":"debug","message":"t_id : 7","timestamp":"2015-04-07T17:28:34.128Z"}
{"level":"debug","message":"rows===================> : [object Object]","timestamp":"2015-04-07T17:28:34.171Z"}
{"t_id":7,"t_email":"qwer4@naver.com","t_name":"qwer4","t_hp":"010-7777-7777","t_birth":"1999-12-31T15:00:00.000Z","t_fb_link":"","t_thumbnail":"https://s3-ap-northeast-1.amazonaws.com/treetree/image/profile/upload_70d91ba5a39f9ffedbda8e7f09c37a67.PNG","t_fb_token":null,"t_fb_id":null,"level":"debug","message":"local passport.deserializeUser()","timestamp":"2015-04-07T17:28:34.172Z"}
{"level":"debug","message":"local-login=====>ghgㅁㄴㅇㅁㄹㅇㄻㄴh","timestamp":"2015-04-07T17:28:34.172Z"}
{"level":"debug","message":"local-login=====>ghgh","timestamp":"2015-04-07T17:28:34.213Z"}
{"level":"debug","message":"local-login=====>쿼리실행","timestamp":"2015-04-07T17:28:34.260Z"}
{"level":"debug","message":"bcrypt.compare() ====> undefined([object Object])","timestamp":"2015-04-07T17:28:34.504Z"}
{"t_id":7,"t_email":"qwer4@naver.com","t_name":"qwer4","t_hp":"010-7777-7777","t_birth":"1999-12-31T15:00:00.000Z","t_fb_link":"","t_thumbnail":"https://s3-ap-northeast-1.amazonaws.com/treetree/image/profile/upload_70d91ba5a39f9ffedbda8e7f09c37a67.PNG","t_fb_token":null,"t_fb_id":null,"level":"debug","message":"passport.serializeUser()","timestamp":"2015-04-07T17:28:34.504Z"}
{"level":"debug","message":"passport.serializeUser() t_id :  7","timestamp":"2015-04-07T17:28:34.504Z"}
{"level":"debug","message":"passport.serializeUser() id :  undefined","timestamp":"2015-04-07T17:28:34.505Z"}
{"level":"debug","message":"logged in... ","timestamp":"2015-04-07T17:28:34.505Z"}
{"level":"debug","message":"logged in ========================>homeLoggedIn","timestamp":"2015-04-07T17:28:34.505Z"}
{"level":"debug","message":"t_id : 7","timestamp":"2015-04-07T17:28:34.911Z"}
{"level":"debug","message":"t_id : 7","timestamp":"2015-04-07T17:28:34.915Z"}
{"level":"debug","message":"t_id : 7","timestamp":"2015-04-07T17:28:34.917Z"}
{"level":"debug","message":"t_id : 7","timestamp":"2015-04-07T17:28:34.919Z"}
{"level":"debug","message":"t_id : 7","timestamp":"2015-04-07T17:28:34.929Z"}
{"level":"debug","message":"rows===================> : [object Object]","timestamp":"2015-04-07T17:28:34.962Z"}
{"t_id":7,"t_email":"qwer4@naver.com","t_name":"qwer4","t_hp":"010-7777-7777","t_birth":"1999-12-31T15:00:00.000Z","t_fb_link":"","t_thumbnail":"https://s3-ap-northeast-1.amazonaws.com/treetree/image/profile/upload_70d91ba5a39f9ffedbda8e7f09c37a67.PNG","t_fb_token":null,"t_fb_id":null,"level":"debug","message":"local passport.deserializeUser()","timestamp":"2015-04-07T17:28:34.962Z"}
{"level":"debug","message":"rows===================> : [object Object]","timestamp":"2015-04-07T17:28:34.971Z"}
{"t_id":7,"t_email":"qwer4@naver.com","t_name":"qwer4","t_hp":"010-7777-7777","t_birth":"1999-12-31T15:00:00.000Z","t_fb_link":"","t_thumbnail":"https://s3-ap-northeast-1.amazonaws.com/treetree/image/profile/upload_70d91ba5a39f9ffedbda8e7f09c37a67.PNG","t_fb_token":null,"t_fb_id":null,"level":"debug","message":"local passport.deserializeUser()","timestamp":"2015-04-07T17:28:34.971Z"}
{"level":"debug","message":"rows===================> : [object Object]","timestamp":"2015-04-07T17:28:34.979Z"}
{"t_id":7,"t_email":"qwer4@naver.com","t_name":"qwer4","t_hp":"010-7777-7777","t_birth":"1999-12-31T15:00:00.000Z","t_fb_link":"","t_thumbnail":"https://s3-ap-northeast-1.amazonaws.com/treetree/image/profile/upload_70d91ba5a39f9ffedbda8e7f09c37a67.PNG","t_fb_token":null,"t_fb_id":null,"level":"debug","message":"local passport.deserializeUser()","timestamp":"2015-04-07T17:28:34.980Z"}
{"level":"debug","message":"rows===================> : [object Object]","timestamp":"2015-04-07T17:28:34.988Z"}
{"t_id":7,"t_email":"qwer4@naver.com","t_name":"qwer4","t_hp":"010-7777-7777","t_birth":"1999-12-31T15:00:00.000Z","t_fb_link":"","t_thumbnail":"https://s3-ap-northeast-1.amazonaws.com/treetree/image/profile/upload_70d91ba5a39f9ffedbda8e7f09c37a67.PNG","t_fb_token":null,"t_fb_id":null,"level":"debug","message":"local passport.deserializeUser()","timestamp":"2015-04-07T17:28:34.989Z"}
{"level":"debug","message":"rows===================> : [object Object]","timestamp":"2015-04-07T17:28:35.004Z"}
{"t_id":7,"t_email":"qwer4@naver.com","t_name":"qwer4","t_hp":"010-7777-7777","t_birth":"1999-12-31T15:00:00.000Z","t_fb_link":"","t_thumbnail":"https://s3-ap-northeast-1.amazonaws.com/treetree/image/profile/upload_70d91ba5a39f9ffedbda8e7f09c37a67.PNG","t_fb_token":null,"t_fb_id":null,"level":"debug","message":"local passport.deserializeUser()","timestamp":"2015-04-07T17:28:35.004Z"}
{"level":"debug","message":"t_id : 7","timestamp":"2015-04-07T17:28:35.047Z"}
{"level":"debug","message":"rows===================> : [object Object]","timestamp":"2015-04-07T17:28:35.096Z"}
{"t_id":7,"t_email":"qwer4@naver.com","t_name":"qwer4","t_hp":"010-7777-7777","t_birth":"1999-12-31T15:00:00.000Z","t_fb_link":"","t_thumbnail":"https://s3-ap-northeast-1.amazonaws.com/treetree/image/profile/upload_70d91ba5a39f9ffedbda8e7f09c37a67.PNG","t_fb_token":null,"t_fb_id":null,"level":"debug","message":"local passport.deserializeUser()","timestamp":"2015-04-07T17:28:35.096Z"}
{"level":"debug","message":"t_id : 7","timestamp":"2015-04-07T17:28:37.446Z"}
{"level":"debug","message":"rows===================> : [object Object]","timestamp":"2015-04-07T17:28:37.491Z"}
{"t_id":7,"t_email":"qwer4@naver.com","t_name":"qwer4","t_hp":"010-7777-7777","t_birth":"1999-12-31T15:00:00.000Z","t_fb_link":"","t_thumbnail":"https://s3-ap-northeast-1.amazonaws.com/treetree/image/profile/upload_70d91ba5a39f9ffedbda8e7f09c37a67.PNG","t_fb_token":null,"t_fb_id":null,"level":"debug","message":"local passport.deserializeUser()","timestamp":"2015-04-07T17:28:37.492Z"}
